-- The C compiler identification is GNU 11.4.0
-- The CXX compiler identification is GNU 11.4.0
-- Detecting C compiler ABI info
-- Detecting C compiler ABI info - done
-- Check for working C compiler: /usr/bin/cc - skipped
-- Detecting C compile features
-- Detecting C compile features - done
-- Detecting CXX compiler ABI info
-- Detecting CXX compiler ABI info - done
-- Check for working CXX compiler: /usr/bin/c++ - skipped
-- Detecting CXX compile features
-- Detecting CXX compile features - done
-- Found ament_cmake: 1.3.5 (/opt/ros/humble/share/ament_cmake/cmake)
-- Found Python3: /usr/bin/python3.10 (found version "3.10.12") found components: Interpreter 
-- Found rclcpp: 16.0.5 (/opt/ros/humble/share/rclcpp/cmake)
-- Found rosidl_generator_c: 3.1.5 (/opt/ros/humble/share/rosidl_generator_c/cmake)
-- Found rosidl_adapter: 3.1.5 (/opt/ros/humble/share/rosidl_adapter/cmake)
-- Found rosidl_generator_cpp: 3.1.5 (/opt/ros/humble/share/rosidl_generator_cpp/cmake)
-- Using all available rosidl_typesupport_c: rosidl_typesupport_fastrtps_c;rosidl_typesupport_introspection_c
-- Using all available rosidl_typesupport_cpp: rosidl_typesupport_fastrtps_cpp;rosidl_typesupport_introspection_cpp
-- Found rmw_implementation_cmake: 6.1.1 (/opt/ros/humble/share/rmw_implementation_cmake/cmake)
-- Found rmw_fastrtps_cpp: 6.2.3 (/opt/ros/humble/share/rmw_fastrtps_cpp/cmake)
-- Found OpenSSL: /usr/lib/x86_64-linux-gnu/libcrypto.so (found version "3.0.2")  
-- Found FastRTPS: /opt/ros/humble/include  
-- Using RMW implementation 'rmw_fastrtps_cpp' as default
-- Looking for pthread.h
-- Looking for pthread.h - found
-- Performing Test CMAKE_HAVE_LIBC_PTHREAD
-- Performing Test CMAKE_HAVE_LIBC_PTHREAD - Success
-- Found Threads: TRUE  
-- Found ament_lint_auto: 0.12.7 (/opt/ros/humble/share/ament_lint_auto/cmake)
-- Added test 'copyright' to check source files copyright and LICENSE
-- Added test 'cppcheck' to perform static code analysis on C / C++ code
-- Configured cppcheck include dirs: $<BUILD_INTERFACE:/home/harun/Downloads/system_monitor_ros2/src/systemmonitor/include>
-- Configured cppcheck exclude dirs and/or files: 
-- Added test 'cpplint' to check C / C++ code against the Google style
-- Configured cpplint exclude dirs and/or files: 
-- Added test 'lint_cmake' to check CMake code style
-- Added test 'uncrustify' to check C / C++ code style
-- Configured uncrustify additional arguments: 
-- Added test 'xmllint' to check XML markup files
-- Configuring done
-- Generating done
-- Build files have been written to: /home/harun/Downloads/system_monitor_ros2/build/systemmonitor
[ 50%] [32mBuilding CXX object CMakeFiles/systemmonitor.dir/src/system_monitor.cpp.o[0m
[100%] [32m[1mLinking CXX executable systemmonitor[0m
[100%] Built target systemmonitor
-- Install configuration: ""
-- Installing: /home/harun/Downloads/system_monitor_ros2/install/systemmonitor/lib/systemmonitor/systemmonitor
-- Set runtime path of "/home/harun/Downloads/system_monitor_ros2/install/systemmonitor/lib/systemmonitor/systemmonitor" to ""
-- Installing: /home/harun/Downloads/system_monitor_ros2/install/systemmonitor/share/ament_index/resource_index/package_run_dependencies/systemmonitor
-- Installing: /home/harun/Downloads/system_monitor_ros2/install/systemmonitor/share/ament_index/resource_index/parent_prefix_path/systemmonitor
-- Installing: /home/harun/Downloads/system_monitor_ros2/install/systemmonitor/share/systemmonitor/environment/ament_prefix_path.sh
-- Installing: /home/harun/Downloads/system_monitor_ros2/install/systemmonitor/share/systemmonitor/environment/ament_prefix_path.dsv
-- Installing: /home/harun/Downloads/system_monitor_ros2/install/systemmonitor/share/systemmonitor/environment/path.sh
-- Installing: /home/harun/Downloads/system_monitor_ros2/install/systemmonitor/share/systemmonitor/environment/path.dsv
-- Installing: /home/harun/Downloads/system_monitor_ros2/install/systemmonitor/share/systemmonitor/local_setup.bash
-- Installing: /home/harun/Downloads/system_monitor_ros2/install/systemmonitor/share/systemmonitor/local_setup.sh
-- Installing: /home/harun/Downloads/system_monitor_ros2/install/systemmonitor/share/systemmonitor/local_setup.zsh
-- Installing: /home/harun/Downloads/system_monitor_ros2/install/systemmonitor/share/systemmonitor/local_setup.dsv
-- Installing: /home/harun/Downloads/system_monitor_ros2/install/systemmonitor/share/systemmonitor/package.dsv
-- Installing: /home/harun/Downloads/system_monitor_ros2/install/systemmonitor/share/ament_index/resource_index/packages/systemmonitor
-- Installing: /home/harun/Downloads/system_monitor_ros2/install/systemmonitor/share/systemmonitor/cmake/systemmonitorConfig.cmake
-- Installing: /home/harun/Downloads/system_monitor_ros2/install/systemmonitor/share/systemmonitor/cmake/systemmonitorConfig-version.cmake
-- Installing: /home/harun/Downloads/system_monitor_ros2/install/systemmonitor/share/systemmonitor/package.xml
