-- The C compiler identification is GNU 11.4.0
-- The CXX compiler identification is GNU 11.4.0
-- Detecting C compiler ABI info
-- Detecting C compiler ABI info - done
-- Check for working C compiler: /usr/bin/cc - skipped
-- Detecting C compile features
-- Detecting C compile features - done
-- Detecting CXX compiler ABI info
-- Detecting CXX compiler ABI info - done
-- Check for working CXX compiler: /usr/bin/c++ - skipped
-- Detecting CXX compile features
-- Detecting CXX compile features - done
-- Found ament_cmake: 1.3.5 (/opt/ros/humble/share/ament_cmake/cmake)
-- Found Python3: /usr/bin/python3.10 (found version "3.10.12") found components: Interpreter 
-- Found rosidl_default_generators: 1.2.0 (/opt/ros/humble/share/rosidl_default_generators/cmake)
-- Using all available rosidl_typesupport_c: rosidl_typesupport_fastrtps_c;rosidl_typesupport_introspection_c
-- Found rosidl_adapter: 3.1.5 (/opt/ros/humble/share/rosidl_adapter/cmake)
-- Using all available rosidl_typesupport_cpp: rosidl_typesupport_fastrtps_cpp;rosidl_typesupport_introspection_cpp
-- Found ament_cmake_ros: 0.10.0 (/opt/ros/humble/share/ament_cmake_ros/cmake)
-- Using all available rosidl_typesupport_c: rosidl_typesupport_fastrtps_c;rosidl_typesupport_introspection_c
-- Using all available rosidl_typesupport_cpp: rosidl_typesupport_fastrtps_cpp;rosidl_typesupport_introspection_cpp
-- Found PythonInterp: /usr/bin/python3 (found suitable version "3.10.12", minimum required is "3.6") 
-- Found python_cmake_module: 0.10.0 (/opt/ros/humble/share/python_cmake_module/cmake)
-- Found PythonLibs: /usr/lib/x86_64-linux-gnu/libpython3.10.so (found suitable version "3.10.12", minimum required is "3.5") 
-- Using PYTHON_EXECUTABLE: /usr/bin/python3
-- Using PYTHON_INCLUDE_DIRS: /usr/include/python3.10
-- Using PYTHON_LIBRARIES: /usr/lib/x86_64-linux-gnu/libpython3.10.so
-- Found PythonExtra: .so  
-- Found ament_lint_auto: 0.12.7 (/opt/ros/humble/share/ament_lint_auto/cmake)
-- Added test 'lint_cmake' to check CMake code style
-- Added test 'xmllint' to check XML markup files
-- Configuring done
-- Generating done
-- Build files have been written to: /home/harun/Downloads/system_monitor_ros2/build/system_monitor_msgs
[  2%] [34m[1mGenerating C code for ROS interfaces[0m
[  5%] [34m[1mGenerating C++ code for ROS interfaces[0m
[  5%] Built target ament_cmake_python_copy_system_monitor_msgs
running egg_info
creating system_monitor_msgs.egg-info
writing system_monitor_msgs.egg-info/PKG-INFO
writing dependency_links to system_monitor_msgs.egg-info/dependency_links.txt
writing top-level names to system_monitor_msgs.egg-info/top_level.txt
writing manifest file 'system_monitor_msgs.egg-info/SOURCES.txt'
reading manifest file 'system_monitor_msgs.egg-info/SOURCES.txt'
writing manifest file 'system_monitor_msgs.egg-info/SOURCES.txt'
[  5%] Built target ament_cmake_python_build_system_monitor_msgs_egg
[  5%] Built target system_monitor_msgs__cpp
[  7%] [34m[1mGenerating C++ type support dispatch for ROS interfaces[0m
[ 10%] [34m[1mGenerating C++ introspection for ROS interfaces[0m
[ 12%] [34m[1mGenerating C++ type support for eProsima Fast-RTPS[0m
[ 15%] [32mBuilding C object CMakeFiles/system_monitor_msgs__rosidl_generator_c.dir/rosidl_generator_c/system_monitor_msgs/msg/detail/ethernet__functions.c.o[0m
[ 17%] [32mBuilding C object CMakeFiles/system_monitor_msgs__rosidl_generator_c.dir/rosidl_generator_c/system_monitor_msgs/msg/detail/system_monitor__functions.c.o[0m
[ 20%] [32m[1mLinking C shared library libsystem_monitor_msgs__rosidl_generator_c.so[0m
[ 20%] Built target system_monitor_msgs__rosidl_generator_c
[ 23%] [34m[1mGenerating C type support for eProsima Fast-RTPS[0m
[ 25%] [34m[1mGenerating C type support dispatch for ROS interfaces[0m
[ 28%] [34m[1mGenerating C introspection for ROS interfaces[0m
[ 30%] [32mBuilding CXX object CMakeFiles/system_monitor_msgs__rosidl_typesupport_cpp.dir/rosidl_typesupport_cpp/system_monitor_msgs/msg/ethernet__type_support.cpp.o[0m
[ 33%] [32mBuilding CXX object CMakeFiles/system_monitor_msgs__rosidl_typesupport_cpp.dir/rosidl_typesupport_cpp/system_monitor_msgs/msg/system_monitor__type_support.cpp.o[0m
[ 35%] [32mBuilding CXX object CMakeFiles/system_monitor_msgs__rosidl_typesupport_introspection_cpp.dir/rosidl_typesupport_introspection_cpp/system_monitor_msgs/msg/detail/system_monitor__type_support.cpp.o[0m
[ 38%] [32mBuilding CXX object CMakeFiles/system_monitor_msgs__rosidl_typesupport_introspection_cpp.dir/rosidl_typesupport_introspection_cpp/system_monitor_msgs/msg/detail/ethernet__type_support.cpp.o[0m
[ 41%] [32mBuilding CXX object CMakeFiles/system_monitor_msgs__rosidl_typesupport_fastrtps_cpp.dir/rosidl_typesupport_fastrtps_cpp/system_monitor_msgs/msg/detail/dds_fastrtps/ethernet__type_support.cpp.o[0m
[ 43%] [32mBuilding CXX object CMakeFiles/system_monitor_msgs__rosidl_typesupport_fastrtps_c.dir/rosidl_typesupport_fastrtps_c/system_monitor_msgs/msg/detail/ethernet__type_support_c.cpp.o[0m
[ 46%] [32mBuilding C object CMakeFiles/system_monitor_msgs__rosidl_typesupport_introspection_c.dir/rosidl_typesupport_introspection_c/system_monitor_msgs/msg/detail/ethernet__type_support.c.o[0m
[ 48%] [32mBuilding CXX object CMakeFiles/system_monitor_msgs__rosidl_typesupport_c.dir/rosidl_typesupport_c/system_monitor_msgs/msg/ethernet__type_support.cpp.o[0m
[ 51%] [32mBuilding C object CMakeFiles/system_monitor_msgs__rosidl_typesupport_introspection_c.dir/rosidl_typesupport_introspection_c/system_monitor_msgs/msg/detail/system_monitor__type_support.c.o[0m
[ 53%] [32mBuilding CXX object CMakeFiles/system_monitor_msgs__rosidl_typesupport_c.dir/rosidl_typesupport_c/system_monitor_msgs/msg/system_monitor__type_support.cpp.o[0m
[ 56%] [32m[1mLinking C shared library libsystem_monitor_msgs__rosidl_typesupport_introspection_c.so[0m
[ 58%] [32m[1mLinking CXX shared library libsystem_monitor_msgs__rosidl_typesupport_c.so[0m
[ 58%] Built target system_monitor_msgs__rosidl_typesupport_introspection_c
[ 61%] [32mBuilding CXX object CMakeFiles/system_monitor_msgs__rosidl_typesupport_fastrtps_c.dir/rosidl_typesupport_fastrtps_c/system_monitor_msgs/msg/detail/system_monitor__type_support_c.cpp.o[0m
[ 64%] [32mBuilding CXX object CMakeFiles/system_monitor_msgs__rosidl_typesupport_fastrtps_cpp.dir/rosidl_typesupport_fastrtps_cpp/system_monitor_msgs/msg/detail/dds_fastrtps/system_monitor__type_support.cpp.o[0m
[ 64%] Built target system_monitor_msgs__rosidl_typesupport_c
[ 66%] [32m[1mLinking CXX shared library libsystem_monitor_msgs__rosidl_typesupport_cpp.so[0m
[ 66%] Built target system_monitor_msgs__rosidl_typesupport_cpp
[ 69%] [32m[1mLinking CXX shared library libsystem_monitor_msgs__rosidl_typesupport_introspection_cpp.so[0m
[ 69%] Built target system_monitor_msgs__rosidl_typesupport_introspection_cpp
[ 71%] [32m[1mLinking CXX shared library libsystem_monitor_msgs__rosidl_typesupport_fastrtps_c.so[0m
[ 74%] [32m[1mLinking CXX shared library libsystem_monitor_msgs__rosidl_typesupport_fastrtps_cpp.so[0m
[ 74%] Built target system_monitor_msgs__rosidl_typesupport_fastrtps_c
[ 74%] Built target system_monitor_msgs__rosidl_typesupport_fastrtps_cpp
[ 74%] Built target system_monitor_msgs
[ 76%] [34m[1mGenerating Python code for ROS interfaces[0m
[ 76%] Built target system_monitor_msgs__py
[ 79%] [32mBuilding C object CMakeFiles/system_monitor_msgs__rosidl_generator_py.dir/rosidl_generator_py/system_monitor_msgs/msg/_ethernet_s.c.o[0m
[ 82%] [32mBuilding C object CMakeFiles/system_monitor_msgs__rosidl_generator_py.dir/rosidl_generator_py/system_monitor_msgs/msg/_system_monitor_s.c.o[0m
[ 84%] [32m[1mLinking C shared library rosidl_generator_py/system_monitor_msgs/libsystem_monitor_msgs__rosidl_generator_py.so[0m
[ 84%] Built target system_monitor_msgs__rosidl_generator_py
[ 87%] [32mBuilding C object CMakeFiles/system_monitor_msgs__rosidl_typesupport_fastrtps_c__pyext.dir/rosidl_generator_py/system_monitor_msgs/_system_monitor_msgs_s.ep.rosidl_typesupport_fastrtps_c.c.o[0m
[ 89%] [32mBuilding C object CMakeFiles/system_monitor_msgs__rosidl_typesupport_introspection_c__pyext.dir/rosidl_generator_py/system_monitor_msgs/_system_monitor_msgs_s.ep.rosidl_typesupport_introspection_c.c.o[0m
[ 92%] [32mBuilding C object CMakeFiles/system_monitor_msgs__rosidl_typesupport_c__pyext.dir/rosidl_generator_py/system_monitor_msgs/_system_monitor_msgs_s.ep.rosidl_typesupport_c.c.o[0m
[ 94%] [32m[1mLinking C shared library rosidl_generator_py/system_monitor_msgs/system_monitor_msgs_s__rosidl_typesupport_c.cpython-310-x86_64-linux-gnu.so[0m
[ 97%] [32m[1mLinking C shared library rosidl_generator_py/system_monitor_msgs/system_monitor_msgs_s__rosidl_typesupport_fastrtps_c.cpython-310-x86_64-linux-gnu.so[0m
[100%] [32m[1mLinking C shared library rosidl_generator_py/system_monitor_msgs/system_monitor_msgs_s__rosidl_typesupport_introspection_c.cpython-310-x86_64-linux-gnu.so[0m
[100%] Built target system_monitor_msgs__rosidl_typesupport_fastrtps_c__pyext
[100%] Built target system_monitor_msgs__rosidl_typesupport_c__pyext
[100%] Built target system_monitor_msgs__rosidl_typesupport_introspection_c__pyext
-- Install configuration: ""
-- Installing: /home/harun/Downloads/system_monitor_ros2/install/system_monitor_msgs/share/ament_index/resource_index/rosidl_interfaces/system_monitor_msgs
-- Installing: /home/harun/Downloads/system_monitor_ros2/install/system_monitor_msgs/include/system_monitor_msgs/system_monitor_msgs
-- Installing: /home/harun/Downloads/system_monitor_ros2/install/system_monitor_msgs/include/system_monitor_msgs/system_monitor_msgs/msg
-- Installing: /home/harun/Downloads/system_monitor_ros2/install/system_monitor_msgs/include/system_monitor_msgs/system_monitor_msgs/msg/system_monitor.h
-- Installing: /home/harun/Downloads/system_monitor_ros2/install/system_monitor_msgs/include/system_monitor_msgs/system_monitor_msgs/msg/ethernet.h
-- Installing: /home/harun/Downloads/system_monitor_ros2/install/system_monitor_msgs/include/system_monitor_msgs/system_monitor_msgs/msg/rosidl_generator_c__visibility_control.h
-- Installing: /home/harun/Downloads/system_monitor_ros2/install/system_monitor_msgs/include/system_monitor_msgs/system_monitor_msgs/msg/detail
-- Installing: /home/harun/Downloads/system_monitor_ros2/install/system_monitor_msgs/include/system_monitor_msgs/system_monitor_msgs/msg/detail/system_monitor__functions.c
-- Installing: /home/harun/Downloads/system_monitor_ros2/install/system_monitor_msgs/include/system_monitor_msgs/system_monitor_msgs/msg/detail/ethernet__functions.h
-- Installing: /home/harun/Downloads/system_monitor_ros2/install/system_monitor_msgs/include/system_monitor_msgs/system_monitor_msgs/msg/detail/ethernet__type_support.h
-- Installing: /home/harun/Downloads/system_monitor_ros2/install/system_monitor_msgs/include/system_monitor_msgs/system_monitor_msgs/msg/detail/ethernet__functions.c
-- Installing: /home/harun/Downloads/system_monitor_ros2/install/system_monitor_msgs/include/system_monitor_msgs/system_monitor_msgs/msg/detail/system_monitor__struct.h
-- Installing: /home/harun/Downloads/system_monitor_ros2/install/system_monitor_msgs/include/system_monitor_msgs/system_monitor_msgs/msg/detail/system_monitor__type_support.h
-- Installing: /home/harun/Downloads/system_monitor_ros2/install/system_monitor_msgs/include/system_monitor_msgs/system_monitor_msgs/msg/detail/system_monitor__functions.h
-- Installing: /home/harun/Downloads/system_monitor_ros2/install/system_monitor_msgs/include/system_monitor_msgs/system_monitor_msgs/msg/detail/ethernet__struct.h
-- Installing: /home/harun/Downloads/system_monitor_ros2/install/system_monitor_msgs/share/system_monitor_msgs/environment/library_path.sh
-- Installing: /home/harun/Downloads/system_monitor_ros2/install/system_monitor_msgs/share/system_monitor_msgs/environment/library_path.dsv
-- Installing: /home/harun/Downloads/system_monitor_ros2/install/system_monitor_msgs/lib/libsystem_monitor_msgs__rosidl_generator_c.so
-- Set runtime path of "/home/harun/Downloads/system_monitor_ros2/install/system_monitor_msgs/lib/libsystem_monitor_msgs__rosidl_generator_c.so" to ""
-- Up-to-date: /home/harun/Downloads/system_monitor_ros2/install/system_monitor_msgs/include/system_monitor_msgs/system_monitor_msgs
-- Up-to-date: /home/harun/Downloads/system_monitor_ros2/install/system_monitor_msgs/include/system_monitor_msgs/system_monitor_msgs/msg
-- Installing: /home/harun/Downloads/system_monitor_ros2/install/system_monitor_msgs/include/system_monitor_msgs/system_monitor_msgs/msg/rosidl_typesupport_fastrtps_c__visibility_control.h
-- Up-to-date: /home/harun/Downloads/system_monitor_ros2/install/system_monitor_msgs/include/system_monitor_msgs/system_monitor_msgs/msg/detail
-- Installing: /home/harun/Downloads/system_monitor_ros2/install/system_monitor_msgs/include/system_monitor_msgs/system_monitor_msgs/msg/detail/system_monitor__rosidl_typesupport_fastrtps_c.h
-- Installing: /home/harun/Downloads/system_monitor_ros2/install/system_monitor_msgs/include/system_monitor_msgs/system_monitor_msgs/msg/detail/ethernet__rosidl_typesupport_fastrtps_c.h
-- Installing: /home/harun/Downloads/system_monitor_ros2/install/system_monitor_msgs/lib/libsystem_monitor_msgs__rosidl_typesupport_fastrtps_c.so
-- Set runtime path of "/home/harun/Downloads/system_monitor_ros2/install/system_monitor_msgs/lib/libsystem_monitor_msgs__rosidl_typesupport_fastrtps_c.so" to ""
-- Up-to-date: /home/harun/Downloads/system_monitor_ros2/install/system_monitor_msgs/include/system_monitor_msgs/system_monitor_msgs
-- Up-to-date: /home/harun/Downloads/system_monitor_ros2/install/system_monitor_msgs/include/system_monitor_msgs/system_monitor_msgs/msg
-- Up-to-date: /home/harun/Downloads/system_monitor_ros2/install/system_monitor_msgs/include/system_monitor_msgs/system_monitor_msgs/msg/detail
-- Installing: /home/harun/Downloads/system_monitor_ros2/install/system_monitor_msgs/include/system_monitor_msgs/system_monitor_msgs/msg/detail/ethernet__rosidl_typesupport_introspection_c.h
-- Installing: /home/harun/Downloads/system_monitor_ros2/install/system_monitor_msgs/include/system_monitor_msgs/system_monitor_msgs/msg/detail/ethernet__type_support.c
-- Installing: /home/harun/Downloads/system_monitor_ros2/install/system_monitor_msgs/include/system_monitor_msgs/system_monitor_msgs/msg/detail/system_monitor__type_support.c
-- Installing: /home/harun/Downloads/system_monitor_ros2/install/system_monitor_msgs/include/system_monitor_msgs/system_monitor_msgs/msg/detail/system_monitor__rosidl_typesupport_introspection_c.h
-- Installing: /home/harun/Downloads/system_monitor_ros2/install/system_monitor_msgs/include/system_monitor_msgs/system_monitor_msgs/msg/rosidl_typesupport_introspection_c__visibility_control.h
-- Installing: /home/harun/Downloads/system_monitor_ros2/install/system_monitor_msgs/lib/libsystem_monitor_msgs__rosidl_typesupport_introspection_c.so
-- Set runtime path of "/home/harun/Downloads/system_monitor_ros2/install/system_monitor_msgs/lib/libsystem_monitor_msgs__rosidl_typesupport_introspection_c.so" to ""
-- Installing: /home/harun/Downloads/system_monitor_ros2/install/system_monitor_msgs/lib/libsystem_monitor_msgs__rosidl_typesupport_c.so
-- Set runtime path of "/home/harun/Downloads/system_monitor_ros2/install/system_monitor_msgs/lib/libsystem_monitor_msgs__rosidl_typesupport_c.so" to ""
-- Up-to-date: /home/harun/Downloads/system_monitor_ros2/install/system_monitor_msgs/include/system_monitor_msgs/system_monitor_msgs
-- Up-to-date: /home/harun/Downloads/system_monitor_ros2/install/system_monitor_msgs/include/system_monitor_msgs/system_monitor_msgs/msg
-- Installing: /home/harun/Downloads/system_monitor_ros2/install/system_monitor_msgs/include/system_monitor_msgs/system_monitor_msgs/msg/ethernet.hpp
-- Up-to-date: /home/harun/Downloads/system_monitor_ros2/install/system_monitor_msgs/include/system_monitor_msgs/system_monitor_msgs/msg/detail
-- Installing: /home/harun/Downloads/system_monitor_ros2/install/system_monitor_msgs/include/system_monitor_msgs/system_monitor_msgs/msg/detail/ethernet__traits.hpp
-- Installing: /home/harun/Downloads/system_monitor_ros2/install/system_monitor_msgs/include/system_monitor_msgs/system_monitor_msgs/msg/detail/ethernet__struct.hpp
-- Installing: /home/harun/Downloads/system_monitor_ros2/install/system_monitor_msgs/include/system_monitor_msgs/system_monitor_msgs/msg/detail/system_monitor__struct.hpp
-- Installing: /home/harun/Downloads/system_monitor_ros2/install/system_monitor_msgs/include/system_monitor_msgs/system_monitor_msgs/msg/detail/ethernet__builder.hpp
-- Installing: /home/harun/Downloads/system_monitor_ros2/install/system_monitor_msgs/include/system_monitor_msgs/system_monitor_msgs/msg/detail/system_monitor__builder.hpp
-- Installing: /home/harun/Downloads/system_monitor_ros2/install/system_monitor_msgs/include/system_monitor_msgs/system_monitor_msgs/msg/detail/system_monitor__traits.hpp
-- Installing: /home/harun/Downloads/system_monitor_ros2/install/system_monitor_msgs/include/system_monitor_msgs/system_monitor_msgs/msg/system_monitor.hpp
-- Up-to-date: /home/harun/Downloads/system_monitor_ros2/install/system_monitor_msgs/include/system_monitor_msgs/system_monitor_msgs
-- Up-to-date: /home/harun/Downloads/system_monitor_ros2/install/system_monitor_msgs/include/system_monitor_msgs/system_monitor_msgs/msg
-- Installing: /home/harun/Downloads/system_monitor_ros2/install/system_monitor_msgs/include/system_monitor_msgs/system_monitor_msgs/msg/rosidl_typesupport_fastrtps_cpp__visibility_control.h
-- Up-to-date: /home/harun/Downloads/system_monitor_ros2/install/system_monitor_msgs/include/system_monitor_msgs/system_monitor_msgs/msg/detail
-- Installing: /home/harun/Downloads/system_monitor_ros2/install/system_monitor_msgs/include/system_monitor_msgs/system_monitor_msgs/msg/detail/system_monitor__rosidl_typesupport_fastrtps_cpp.hpp
-- Installing: /home/harun/Downloads/system_monitor_ros2/install/system_monitor_msgs/include/system_monitor_msgs/system_monitor_msgs/msg/detail/ethernet__rosidl_typesupport_fastrtps_cpp.hpp
-- Installing: /home/harun/Downloads/system_monitor_ros2/install/system_monitor_msgs/include/system_monitor_msgs/system_monitor_msgs/msg/detail/dds_fastrtps
-- Installing: /home/harun/Downloads/system_monitor_ros2/install/system_monitor_msgs/lib/libsystem_monitor_msgs__rosidl_typesupport_fastrtps_cpp.so
-- Set runtime path of "/home/harun/Downloads/system_monitor_ros2/install/system_monitor_msgs/lib/libsystem_monitor_msgs__rosidl_typesupport_fastrtps_cpp.so" to ""
-- Up-to-date: /home/harun/Downloads/system_monitor_ros2/install/system_monitor_msgs/include/system_monitor_msgs/system_monitor_msgs
-- Up-to-date: /home/harun/Downloads/system_monitor_ros2/install/system_monitor_msgs/include/system_monitor_msgs/system_monitor_msgs/msg
-- Up-to-date: /home/harun/Downloads/system_monitor_ros2/install/system_monitor_msgs/include/system_monitor_msgs/system_monitor_msgs/msg/detail
-- Installing: /home/harun/Downloads/system_monitor_ros2/install/system_monitor_msgs/include/system_monitor_msgs/system_monitor_msgs/msg/detail/system_monitor__rosidl_typesupport_introspection_cpp.hpp
-- Installing: /home/harun/Downloads/system_monitor_ros2/install/system_monitor_msgs/include/system_monitor_msgs/system_monitor_msgs/msg/detail/system_monitor__type_support.cpp
-- Installing: /home/harun/Downloads/system_monitor_ros2/install/system_monitor_msgs/include/system_monitor_msgs/system_monitor_msgs/msg/detail/ethernet__rosidl_typesupport_introspection_cpp.hpp
-- Installing: /home/harun/Downloads/system_monitor_ros2/install/system_monitor_msgs/include/system_monitor_msgs/system_monitor_msgs/msg/detail/ethernet__type_support.cpp
-- Installing: /home/harun/Downloads/system_monitor_ros2/install/system_monitor_msgs/lib/libsystem_monitor_msgs__rosidl_typesupport_introspection_cpp.so
-- Set runtime path of "/home/harun/Downloads/system_monitor_ros2/install/system_monitor_msgs/lib/libsystem_monitor_msgs__rosidl_typesupport_introspection_cpp.so" to ""
-- Installing: /home/harun/Downloads/system_monitor_ros2/install/system_monitor_msgs/lib/libsystem_monitor_msgs__rosidl_typesupport_cpp.so
-- Set runtime path of "/home/harun/Downloads/system_monitor_ros2/install/system_monitor_msgs/lib/libsystem_monitor_msgs__rosidl_typesupport_cpp.so" to ""
-- Installing: /home/harun/Downloads/system_monitor_ros2/install/system_monitor_msgs/share/system_monitor_msgs/environment/pythonpath.sh
-- Installing: /home/harun/Downloads/system_monitor_ros2/install/system_monitor_msgs/share/system_monitor_msgs/environment/pythonpath.dsv
-- Installing: /home/harun/Downloads/system_monitor_ros2/install/system_monitor_msgs/local/lib/python3.10/dist-packages/system_monitor_msgs-0.0.0-py3.10.egg-info
-- Installing: /home/harun/Downloads/system_monitor_ros2/install/system_monitor_msgs/local/lib/python3.10/dist-packages/system_monitor_msgs-0.0.0-py3.10.egg-info/PKG-INFO
-- Installing: /home/harun/Downloads/system_monitor_ros2/install/system_monitor_msgs/local/lib/python3.10/dist-packages/system_monitor_msgs-0.0.0-py3.10.egg-info/SOURCES.txt
-- Installing: /home/harun/Downloads/system_monitor_ros2/install/system_monitor_msgs/local/lib/python3.10/dist-packages/system_monitor_msgs-0.0.0-py3.10.egg-info/dependency_links.txt
-- Installing: /home/harun/Downloads/system_monitor_ros2/install/system_monitor_msgs/local/lib/python3.10/dist-packages/system_monitor_msgs-0.0.0-py3.10.egg-info/top_level.txt
-- Installing: /home/harun/Downloads/system_monitor_ros2/install/system_monitor_msgs/local/lib/python3.10/dist-packages/system_monitor_msgs
-- Installing: /home/harun/Downloads/system_monitor_ros2/install/system_monitor_msgs/local/lib/python3.10/dist-packages/system_monitor_msgs/__init__.py
-- Installing: /home/harun/Downloads/system_monitor_ros2/install/system_monitor_msgs/local/lib/python3.10/dist-packages/system_monitor_msgs/libsystem_monitor_msgs__rosidl_generator_py.so
-- Installing: /home/harun/Downloads/system_monitor_ros2/install/system_monitor_msgs/local/lib/python3.10/dist-packages/system_monitor_msgs/system_monitor_msgs_s__rosidl_typesupport_fastrtps_c.cpython-310-x86_64-linux-gnu.so
-- Installing: /home/harun/Downloads/system_monitor_ros2/install/system_monitor_msgs/local/lib/python3.10/dist-packages/system_monitor_msgs/_system_monitor_msgs_s.ep.rosidl_typesupport_introspection_c.c
-- Installing: /home/harun/Downloads/system_monitor_ros2/install/system_monitor_msgs/local/lib/python3.10/dist-packages/system_monitor_msgs/_system_monitor_msgs_s.ep.rosidl_typesupport_c.c
-- Installing: /home/harun/Downloads/system_monitor_ros2/install/system_monitor_msgs/local/lib/python3.10/dist-packages/system_monitor_msgs/_system_monitor_msgs_s.ep.rosidl_typesupport_fastrtps_c.c
-- Installing: /home/harun/Downloads/system_monitor_ros2/install/system_monitor_msgs/local/lib/python3.10/dist-packages/system_monitor_msgs/system_monitor_msgs_s__rosidl_typesupport_introspection_c.cpython-310-x86_64-linux-gnu.so
-- Installing: /home/harun/Downloads/system_monitor_ros2/install/system_monitor_msgs/local/lib/python3.10/dist-packages/system_monitor_msgs/system_monitor_msgs_s__rosidl_typesupport_c.cpython-310-x86_64-linux-gnu.so
-- Installing: /home/harun/Downloads/system_monitor_ros2/install/system_monitor_msgs/local/lib/python3.10/dist-packages/system_monitor_msgs/msg
-- Installing: /home/harun/Downloads/system_monitor_ros2/install/system_monitor_msgs/local/lib/python3.10/dist-packages/system_monitor_msgs/msg/__init__.py
-- Installing: /home/harun/Downloads/system_monitor_ros2/install/system_monitor_msgs/local/lib/python3.10/dist-packages/system_monitor_msgs/msg/_system_monitor.py
-- Installing: /home/harun/Downloads/system_monitor_ros2/install/system_monitor_msgs/local/lib/python3.10/dist-packages/system_monitor_msgs/msg/_ethernet_s.c
-- Installing: /home/harun/Downloads/system_monitor_ros2/install/system_monitor_msgs/local/lib/python3.10/dist-packages/system_monitor_msgs/msg/_ethernet.py
-- Installing: /home/harun/Downloads/system_monitor_ros2/install/system_monitor_msgs/local/lib/python3.10/dist-packages/system_monitor_msgs/msg/_system_monitor_s.c
Listing '/home/harun/Downloads/system_monitor_ros2/install/system_monitor_msgs/local/lib/python3.10/dist-packages/system_monitor_msgs'...
Compiling '/home/harun/Downloads/system_monitor_ros2/install/system_monitor_msgs/local/lib/python3.10/dist-packages/system_monitor_msgs/__init__.py'...
Listing '/home/harun/Downloads/system_monitor_ros2/install/system_monitor_msgs/local/lib/python3.10/dist-packages/system_monitor_msgs/msg'...
Compiling '/home/harun/Downloads/system_monitor_ros2/install/system_monitor_msgs/local/lib/python3.10/dist-packages/system_monitor_msgs/msg/__init__.py'...
Compiling '/home/harun/Downloads/system_monitor_ros2/install/system_monitor_msgs/local/lib/python3.10/dist-packages/system_monitor_msgs/msg/_ethernet.py'...
Compiling '/home/harun/Downloads/system_monitor_ros2/install/system_monitor_msgs/local/lib/python3.10/dist-packages/system_monitor_msgs/msg/_system_monitor.py'...
-- Installing: /home/harun/Downloads/system_monitor_ros2/install/system_monitor_msgs/local/lib/python3.10/dist-packages/system_monitor_msgs/system_monitor_msgs_s__rosidl_typesupport_fastrtps_c.cpython-310-x86_64-linux-gnu.so
-- Set runtime path of "/home/harun/Downloads/system_monitor_ros2/install/system_monitor_msgs/local/lib/python3.10/dist-packages/system_monitor_msgs/system_monitor_msgs_s__rosidl_typesupport_fastrtps_c.cpython-310-x86_64-linux-gnu.so" to ""
-- Installing: /home/harun/Downloads/system_monitor_ros2/install/system_monitor_msgs/local/lib/python3.10/dist-packages/system_monitor_msgs/system_monitor_msgs_s__rosidl_typesupport_introspection_c.cpython-310-x86_64-linux-gnu.so
-- Set runtime path of "/home/harun/Downloads/system_monitor_ros2/install/system_monitor_msgs/local/lib/python3.10/dist-packages/system_monitor_msgs/system_monitor_msgs_s__rosidl_typesupport_introspection_c.cpython-310-x86_64-linux-gnu.so" to ""
-- Installing: /home/harun/Downloads/system_monitor_ros2/install/system_monitor_msgs/local/lib/python3.10/dist-packages/system_monitor_msgs/system_monitor_msgs_s__rosidl_typesupport_c.cpython-310-x86_64-linux-gnu.so
-- Set runtime path of "/home/harun/Downloads/system_monitor_ros2/install/system_monitor_msgs/local/lib/python3.10/dist-packages/system_monitor_msgs/system_monitor_msgs_s__rosidl_typesupport_c.cpython-310-x86_64-linux-gnu.so" to ""
-- Installing: /home/harun/Downloads/system_monitor_ros2/install/system_monitor_msgs/lib/libsystem_monitor_msgs__rosidl_generator_py.so
-- Set runtime path of "/home/harun/Downloads/system_monitor_ros2/install/system_monitor_msgs/lib/libsystem_monitor_msgs__rosidl_generator_py.so" to ""
-- Installing: /home/harun/Downloads/system_monitor_ros2/install/system_monitor_msgs/share/system_monitor_msgs/msg/Ethernet.idl
-- Installing: /home/harun/Downloads/system_monitor_ros2/install/system_monitor_msgs/share/system_monitor_msgs/msg/SystemMonitor.idl
-- Installing: /home/harun/Downloads/system_monitor_ros2/install/system_monitor_msgs/share/system_monitor_msgs/msg/Ethernet.msg
-- Installing: /home/harun/Downloads/system_monitor_ros2/install/system_monitor_msgs/share/system_monitor_msgs/msg/SystemMonitor.msg
-- Installing: /home/harun/Downloads/system_monitor_ros2/install/system_monitor_msgs/share/ament_index/resource_index/package_run_dependencies/system_monitor_msgs
-- Installing: /home/harun/Downloads/system_monitor_ros2/install/system_monitor_msgs/share/ament_index/resource_index/parent_prefix_path/system_monitor_msgs
-- Installing: /home/harun/Downloads/system_monitor_ros2/install/system_monitor_msgs/share/system_monitor_msgs/environment/ament_prefix_path.sh
-- Installing: /home/harun/Downloads/system_monitor_ros2/install/system_monitor_msgs/share/system_monitor_msgs/environment/ament_prefix_path.dsv
-- Installing: /home/harun/Downloads/system_monitor_ros2/install/system_monitor_msgs/share/system_monitor_msgs/environment/path.sh
-- Installing: /home/harun/Downloads/system_monitor_ros2/install/system_monitor_msgs/share/system_monitor_msgs/environment/path.dsv
-- Installing: /home/harun/Downloads/system_monitor_ros2/install/system_monitor_msgs/share/system_monitor_msgs/local_setup.bash
-- Installing: /home/harun/Downloads/system_monitor_ros2/install/system_monitor_msgs/share/system_monitor_msgs/local_setup.sh
-- Installing: /home/harun/Downloads/system_monitor_ros2/install/system_monitor_msgs/share/system_monitor_msgs/local_setup.zsh
-- Installing: /home/harun/Downloads/system_monitor_ros2/install/system_monitor_msgs/share/system_monitor_msgs/local_setup.dsv
-- Installing: /home/harun/Downloads/system_monitor_ros2/install/system_monitor_msgs/share/system_monitor_msgs/package.dsv
-- Installing: /home/harun/Downloads/system_monitor_ros2/install/system_monitor_msgs/share/ament_index/resource_index/packages/system_monitor_msgs
-- Installing: /home/harun/Downloads/system_monitor_ros2/install/system_monitor_msgs/share/system_monitor_msgs/cmake/export_system_monitor_msgs__rosidl_generator_cExport.cmake
-- Installing: /home/harun/Downloads/system_monitor_ros2/install/system_monitor_msgs/share/system_monitor_msgs/cmake/export_system_monitor_msgs__rosidl_generator_cExport-noconfig.cmake
-- Installing: /home/harun/Downloads/system_monitor_ros2/install/system_monitor_msgs/share/system_monitor_msgs/cmake/export_system_monitor_msgs__rosidl_typesupport_fastrtps_cExport.cmake
-- Installing: /home/harun/Downloads/system_monitor_ros2/install/system_monitor_msgs/share/system_monitor_msgs/cmake/export_system_monitor_msgs__rosidl_typesupport_fastrtps_cExport-noconfig.cmake
-- Installing: /home/harun/Downloads/system_monitor_ros2/install/system_monitor_msgs/share/system_monitor_msgs/cmake/system_monitor_msgs__rosidl_typesupport_introspection_cExport.cmake
-- Installing: /home/harun/Downloads/system_monitor_ros2/install/system_monitor_msgs/share/system_monitor_msgs/cmake/system_monitor_msgs__rosidl_typesupport_introspection_cExport-noconfig.cmake
-- Installing: /home/harun/Downloads/system_monitor_ros2/install/system_monitor_msgs/share/system_monitor_msgs/cmake/system_monitor_msgs__rosidl_typesupport_cExport.cmake
-- Installing: /home/harun/Downloads/system_monitor_ros2/install/system_monitor_msgs/share/system_monitor_msgs/cmake/system_monitor_msgs__rosidl_typesupport_cExport-noconfig.cmake
-- Installing: /home/harun/Downloads/system_monitor_ros2/install/system_monitor_msgs/share/system_monitor_msgs/cmake/export_system_monitor_msgs__rosidl_generator_cppExport.cmake
-- Installing: /home/harun/Downloads/system_monitor_ros2/install/system_monitor_msgs/share/system_monitor_msgs/cmake/export_system_monitor_msgs__rosidl_typesupport_fastrtps_cppExport.cmake
-- Installing: /home/harun/Downloads/system_monitor_ros2/install/system_monitor_msgs/share/system_monitor_msgs/cmake/export_system_monitor_msgs__rosidl_typesupport_fastrtps_cppExport-noconfig.cmake
-- Installing: /home/harun/Downloads/system_monitor_ros2/install/system_monitor_msgs/share/system_monitor_msgs/cmake/system_monitor_msgs__rosidl_typesupport_introspection_cppExport.cmake
-- Installing: /home/harun/Downloads/system_monitor_ros2/install/system_monitor_msgs/share/system_monitor_msgs/cmake/system_monitor_msgs__rosidl_typesupport_introspection_cppExport-noconfig.cmake
-- Installing: /home/harun/Downloads/system_monitor_ros2/install/system_monitor_msgs/share/system_monitor_msgs/cmake/system_monitor_msgs__rosidl_typesupport_cppExport.cmake
-- Installing: /home/harun/Downloads/system_monitor_ros2/install/system_monitor_msgs/share/system_monitor_msgs/cmake/system_monitor_msgs__rosidl_typesupport_cppExport-noconfig.cmake
-- Installing: /home/harun/Downloads/system_monitor_ros2/install/system_monitor_msgs/share/system_monitor_msgs/cmake/export_system_monitor_msgs__rosidl_generator_pyExport.cmake
-- Installing: /home/harun/Downloads/system_monitor_ros2/install/system_monitor_msgs/share/system_monitor_msgs/cmake/export_system_monitor_msgs__rosidl_generator_pyExport-noconfig.cmake
-- Installing: /home/harun/Downloads/system_monitor_ros2/install/system_monitor_msgs/share/system_monitor_msgs/cmake/rosidl_cmake-extras.cmake
-- Installing: /home/harun/Downloads/system_monitor_ros2/install/system_monitor_msgs/share/system_monitor_msgs/cmake/ament_cmake_export_include_directories-extras.cmake
-- Installing: /home/harun/Downloads/system_monitor_ros2/install/system_monitor_msgs/share/system_monitor_msgs/cmake/ament_cmake_export_libraries-extras.cmake
-- Installing: /home/harun/Downloads/system_monitor_ros2/install/system_monitor_msgs/share/system_monitor_msgs/cmake/ament_cmake_export_targets-extras.cmake
-- Installing: /home/harun/Downloads/system_monitor_ros2/install/system_monitor_msgs/share/system_monitor_msgs/cmake/rosidl_cmake_export_typesupport_targets-extras.cmake
-- Installing: /home/harun/Downloads/system_monitor_ros2/install/system_monitor_msgs/share/system_monitor_msgs/cmake/ament_cmake_export_dependencies-extras.cmake
-- Installing: /home/harun/Downloads/system_monitor_ros2/install/system_monitor_msgs/share/system_monitor_msgs/cmake/rosidl_cmake_export_typesupport_libraries-extras.cmake
-- Installing: /home/harun/Downloads/system_monitor_ros2/install/system_monitor_msgs/share/system_monitor_msgs/cmake/system_monitor_msgsConfig.cmake
-- Installing: /home/harun/Downloads/system_monitor_ros2/install/system_monitor_msgs/share/system_monitor_msgs/cmake/system_monitor_msgsConfig-version.cmake
-- Installing: /home/harun/Downloads/system_monitor_ros2/install/system_monitor_msgs/share/system_monitor_msgs/package.xml
