[0.045s] Invoking command in '/home/harun/Downloads/system_monitor_ros2/build/system_monitor_msgs': CMAKE_PREFIX_PATH=/opt/ros/humble /usr/bin/cmake /home/harun/Downloads/system_monitor_ros2/src/system_monitor_msgs -DCMAKE_INSTALL_PREFIX=/home/harun/Downloads/system_monitor_ros2/install/system_monitor_msgs
[0.157s] -- The C compiler identification is GNU 11.4.0
[0.264s] -- The CXX compiler identification is GNU 11.4.0
[0.279s] -- Detecting C compiler ABI info
[0.388s] -- Detecting C compiler ABI info - done
[0.401s] -- Check for working C compiler: /usr/bin/cc - skipped
[0.401s] -- Detecting C compile features
[0.402s] -- Detecting C compile features - done
[0.407s] -- Detecting CXX compiler ABI info
[0.563s] -- Detecting CXX compiler ABI info - done
[0.579s] -- Check for working CXX compiler: /usr/bin/c++ - skipped
[0.580s] -- Detecting CXX compile features
[0.580s] -- Detecting CXX compile features - done
[0.583s] -- Found ament_cmake: 1.3.5 (/opt/ros/humble/share/ament_cmake/cmake)
[0.858s] -- Found Python3: /usr/bin/python3.10 (found version "3.10.12") found components: Interpreter 
[0.987s] -- Found rosidl_default_generators: 1.2.0 (/opt/ros/humble/share/rosidl_default_generators/cmake)
[0.991s] -- Using all available rosidl_typesupport_c: rosidl_typesupport_fastrtps_c;rosidl_typesupport_introspection_c
[1.002s] -- Found rosidl_adapter: 3.1.5 (/opt/ros/humble/share/rosidl_adapter/cmake)
[1.062s] -- Using all available rosidl_typesupport_cpp: rosidl_typesupport_fastrtps_cpp;rosidl_typesupport_introspection_cpp
[1.448s] -- Found ament_cmake_ros: 0.10.0 (/opt/ros/humble/share/ament_cmake_ros/cmake)
[1.695s] -- Using all available rosidl_typesupport_c: rosidl_typesupport_fastrtps_c;rosidl_typesupport_introspection_c
[2.027s] -- Using all available rosidl_typesupport_cpp: rosidl_typesupport_fastrtps_cpp;rosidl_typesupport_introspection_cpp
[2.065s] -- Found PythonInterp: /usr/bin/python3 (found suitable version "3.10.12", minimum required is "3.6") 
[2.066s] -- Found python_cmake_module: 0.10.0 (/opt/ros/humble/share/python_cmake_module/cmake)
[2.097s] -- Found PythonLibs: /usr/lib/x86_64-linux-gnu/libpython3.10.so (found suitable version "3.10.12", minimum required is "3.5") 
[2.098s] -- Using PYTHON_EXECUTABLE: /usr/bin/python3
[2.098s] -- Using PYTHON_INCLUDE_DIRS: /usr/include/python3.10
[2.098s] -- Using PYTHON_LIBRARIES: /usr/lib/x86_64-linux-gnu/libpython3.10.so
[2.128s] -- Found PythonExtra: .so  
[2.184s] -- Found ament_lint_auto: 0.12.7 (/opt/ros/humble/share/ament_lint_auto/cmake)
[2.209s] -- Added test 'lint_cmake' to check CMake code style
[2.211s] -- Added test 'xmllint' to check XML markup files
[2.215s] -- Configuring done
[2.261s] -- Generating done
[2.263s] -- Build files have been written to: /home/harun/Downloads/system_monitor_ros2/build/system_monitor_msgs
[2.270s] Invoked command in '/home/harun/Downloads/system_monitor_ros2/build/system_monitor_msgs' returned '0': CMAKE_PREFIX_PATH=/opt/ros/humble /usr/bin/cmake /home/harun/Downloads/system_monitor_ros2/src/system_monitor_msgs -DCMAKE_INSTALL_PREFIX=/home/harun/Downloads/system_monitor_ros2/install/system_monitor_msgs
[2.272s] Invoking command in '/home/harun/Downloads/system_monitor_ros2/build/system_monitor_msgs': CMAKE_PREFIX_PATH=/opt/ros/humble /usr/bin/cmake --build /home/harun/Downloads/system_monitor_ros2/build/system_monitor_msgs -- -j8 -l8
[2.313s] [  2%] [34m[1mGenerating C code for ROS interfaces[0m
[2.329s] [  5%] [34m[1mGenerating C++ code for ROS interfaces[0m
[2.341s] [  5%] Built target ament_cmake_python_copy_system_monitor_msgs
[2.866s] running egg_info
[2.867s] creating system_monitor_msgs.egg-info
[2.868s] writing system_monitor_msgs.egg-info/PKG-INFO
[2.868s] writing dependency_links to system_monitor_msgs.egg-info/dependency_links.txt
[2.869s] writing top-level names to system_monitor_msgs.egg-info/top_level.txt
[2.870s] writing manifest file 'system_monitor_msgs.egg-info/SOURCES.txt'
[2.880s] reading manifest file 'system_monitor_msgs.egg-info/SOURCES.txt'
[2.881s] writing manifest file 'system_monitor_msgs.egg-info/SOURCES.txt'
[2.989s] [  5%] Built target ament_cmake_python_build_system_monitor_msgs_egg
[3.031s] [  5%] Built target system_monitor_msgs__cpp
[3.048s] [  7%] [34m[1mGenerating C++ type support dispatch for ROS interfaces[0m
[3.056s] [ 10%] [34m[1mGenerating C++ introspection for ROS interfaces[0m
[3.056s] [ 12%] [34m[1mGenerating C++ type support for eProsima Fast-RTPS[0m
[3.059s] [ 15%] [32mBuilding C object CMakeFiles/system_monitor_msgs__rosidl_generator_c.dir/rosidl_generator_c/system_monitor_msgs/msg/detail/ethernet__functions.c.o[0m
[3.075s] [ 17%] [32mBuilding C object CMakeFiles/system_monitor_msgs__rosidl_generator_c.dir/rosidl_generator_c/system_monitor_msgs/msg/detail/system_monitor__functions.c.o[0m
[3.169s] [ 20%] [32m[1mLinking C shared library libsystem_monitor_msgs__rosidl_generator_c.so[0m
[3.225s] [ 20%] Built target system_monitor_msgs__rosidl_generator_c
[3.242s] [ 23%] [34m[1mGenerating C type support for eProsima Fast-RTPS[0m
[3.247s] [ 25%] [34m[1mGenerating C type support dispatch for ROS interfaces[0m
[3.271s] [ 28%] [34m[1mGenerating C introspection for ROS interfaces[0m
[3.703s] [ 30%] [32mBuilding CXX object CMakeFiles/system_monitor_msgs__rosidl_typesupport_cpp.dir/rosidl_typesupport_cpp/system_monitor_msgs/msg/ethernet__type_support.cpp.o[0m
[3.724s] [ 33%] [32mBuilding CXX object CMakeFiles/system_monitor_msgs__rosidl_typesupport_cpp.dir/rosidl_typesupport_cpp/system_monitor_msgs/msg/system_monitor__type_support.cpp.o[0m
[3.812s] [ 35%] [32mBuilding CXX object CMakeFiles/system_monitor_msgs__rosidl_typesupport_introspection_cpp.dir/rosidl_typesupport_introspection_cpp/system_monitor_msgs/msg/detail/system_monitor__type_support.cpp.o[0m
[3.839s] [ 38%] [32mBuilding CXX object CMakeFiles/system_monitor_msgs__rosidl_typesupport_introspection_cpp.dir/rosidl_typesupport_introspection_cpp/system_monitor_msgs/msg/detail/ethernet__type_support.cpp.o[0m
[3.926s] [ 41%] [32mBuilding CXX object CMakeFiles/system_monitor_msgs__rosidl_typesupport_fastrtps_cpp.dir/rosidl_typesupport_fastrtps_cpp/system_monitor_msgs/msg/detail/dds_fastrtps/ethernet__type_support.cpp.o[0m
[4.035s] [ 43%] [32mBuilding CXX object CMakeFiles/system_monitor_msgs__rosidl_typesupport_fastrtps_c.dir/rosidl_typesupport_fastrtps_c/system_monitor_msgs/msg/detail/ethernet__type_support_c.cpp.o[0m
[4.078s] [ 46%] [32mBuilding C object CMakeFiles/system_monitor_msgs__rosidl_typesupport_introspection_c.dir/rosidl_typesupport_introspection_c/system_monitor_msgs/msg/detail/ethernet__type_support.c.o[0m
[4.134s] [ 48%] [32mBuilding CXX object CMakeFiles/system_monitor_msgs__rosidl_typesupport_c.dir/rosidl_typesupport_c/system_monitor_msgs/msg/ethernet__type_support.cpp.o[0m
[4.217s] [ 51%] [32mBuilding C object CMakeFiles/system_monitor_msgs__rosidl_typesupport_introspection_c.dir/rosidl_typesupport_introspection_c/system_monitor_msgs/msg/detail/system_monitor__type_support.c.o[0m
[4.280s] [ 53%] [32mBuilding CXX object CMakeFiles/system_monitor_msgs__rosidl_typesupport_c.dir/rosidl_typesupport_c/system_monitor_msgs/msg/system_monitor__type_support.cpp.o[0m
[4.297s] [ 56%] [32m[1mLinking C shared library libsystem_monitor_msgs__rosidl_typesupport_introspection_c.so[0m
[4.369s] [ 58%] [32m[1mLinking CXX shared library libsystem_monitor_msgs__rosidl_typesupport_c.so[0m
[4.462s] [ 58%] Built target system_monitor_msgs__rosidl_typesupport_introspection_c
[4.523s] [ 61%] [32mBuilding CXX object CMakeFiles/system_monitor_msgs__rosidl_typesupport_fastrtps_c.dir/rosidl_typesupport_fastrtps_c/system_monitor_msgs/msg/detail/system_monitor__type_support_c.cpp.o[0m
[4.661s] [ 64%] [32mBuilding CXX object CMakeFiles/system_monitor_msgs__rosidl_typesupport_fastrtps_cpp.dir/rosidl_typesupport_fastrtps_cpp/system_monitor_msgs/msg/detail/dds_fastrtps/system_monitor__type_support.cpp.o[0m
[4.665s] [ 64%] Built target system_monitor_msgs__rosidl_typesupport_c
[4.787s] [ 66%] [32m[1mLinking CXX shared library libsystem_monitor_msgs__rosidl_typesupport_cpp.so[0m
[4.867s] [ 66%] Built target system_monitor_msgs__rosidl_typesupport_cpp
[5.055s] [ 69%] [32m[1mLinking CXX shared library libsystem_monitor_msgs__rosidl_typesupport_introspection_cpp.so[0m
[5.253s] [ 69%] Built target system_monitor_msgs__rosidl_typesupport_introspection_cpp
[5.426s] [ 71%] [32m[1mLinking CXX shared library libsystem_monitor_msgs__rosidl_typesupport_fastrtps_c.so[0m
[5.664s] [ 74%] [32m[1mLinking CXX shared library libsystem_monitor_msgs__rosidl_typesupport_fastrtps_cpp.so[0m
[5.688s] [ 74%] Built target system_monitor_msgs__rosidl_typesupport_fastrtps_c
[5.938s] [ 74%] Built target system_monitor_msgs__rosidl_typesupport_fastrtps_cpp
[5.971s] [ 74%] Built target system_monitor_msgs
[6.011s] [ 76%] [34m[1mGenerating Python code for ROS interfaces[0m
[6.554s] [ 76%] Built target system_monitor_msgs__py
[6.585s] [ 79%] [32mBuilding C object CMakeFiles/system_monitor_msgs__rosidl_generator_py.dir/rosidl_generator_py/system_monitor_msgs/msg/_ethernet_s.c.o[0m
[6.587s] [ 82%] [32mBuilding C object CMakeFiles/system_monitor_msgs__rosidl_generator_py.dir/rosidl_generator_py/system_monitor_msgs/msg/_system_monitor_s.c.o[0m
[6.749s] [ 84%] [32m[1mLinking C shared library rosidl_generator_py/system_monitor_msgs/libsystem_monitor_msgs__rosidl_generator_py.so[0m
[6.805s] [ 84%] Built target system_monitor_msgs__rosidl_generator_py
[6.841s] [ 87%] [32mBuilding C object CMakeFiles/system_monitor_msgs__rosidl_typesupport_fastrtps_c__pyext.dir/rosidl_generator_py/system_monitor_msgs/_system_monitor_msgs_s.ep.rosidl_typesupport_fastrtps_c.c.o[0m
[6.852s] [ 89%] [32mBuilding C object CMakeFiles/system_monitor_msgs__rosidl_typesupport_introspection_c__pyext.dir/rosidl_generator_py/system_monitor_msgs/_system_monitor_msgs_s.ep.rosidl_typesupport_introspection_c.c.o[0m
[6.857s] [ 92%] [32mBuilding C object CMakeFiles/system_monitor_msgs__rosidl_typesupport_c__pyext.dir/rosidl_generator_py/system_monitor_msgs/_system_monitor_msgs_s.ep.rosidl_typesupport_c.c.o[0m
[7.043s] [ 94%] [32m[1mLinking C shared library rosidl_generator_py/system_monitor_msgs/system_monitor_msgs_s__rosidl_typesupport_c.cpython-310-x86_64-linux-gnu.so[0m
[7.043s] [ 97%] [32m[1mLinking C shared library rosidl_generator_py/system_monitor_msgs/system_monitor_msgs_s__rosidl_typesupport_fastrtps_c.cpython-310-x86_64-linux-gnu.so[0m
[7.070s] [100%] [32m[1mLinking C shared library rosidl_generator_py/system_monitor_msgs/system_monitor_msgs_s__rosidl_typesupport_introspection_c.cpython-310-x86_64-linux-gnu.so[0m
[7.116s] [100%] Built target system_monitor_msgs__rosidl_typesupport_fastrtps_c__pyext
[7.116s] [100%] Built target system_monitor_msgs__rosidl_typesupport_c__pyext
[7.128s] [100%] Built target system_monitor_msgs__rosidl_typesupport_introspection_c__pyext
[7.152s] Invoked command in '/home/harun/Downloads/system_monitor_ros2/build/system_monitor_msgs' returned '0': CMAKE_PREFIX_PATH=/opt/ros/humble /usr/bin/cmake --build /home/harun/Downloads/system_monitor_ros2/build/system_monitor_msgs -- -j8 -l8
[7.255s] Invoking command in '/home/harun/Downloads/system_monitor_ros2/build/system_monitor_msgs': CMAKE_PREFIX_PATH=/opt/ros/humble /usr/bin/cmake --install /home/harun/Downloads/system_monitor_ros2/build/system_monitor_msgs
[7.266s] -- Install configuration: ""
[7.266s] -- Installing: /home/harun/Downloads/system_monitor_ros2/install/system_monitor_msgs/share/ament_index/resource_index/rosidl_interfaces/system_monitor_msgs
[7.267s] -- Installing: /home/harun/Downloads/system_monitor_ros2/install/system_monitor_msgs/include/system_monitor_msgs/system_monitor_msgs
[7.267s] -- Installing: /home/harun/Downloads/system_monitor_ros2/install/system_monitor_msgs/include/system_monitor_msgs/system_monitor_msgs/msg
[7.267s] -- Installing: /home/harun/Downloads/system_monitor_ros2/install/system_monitor_msgs/include/system_monitor_msgs/system_monitor_msgs/msg/system_monitor.h
[7.267s] -- Installing: /home/harun/Downloads/system_monitor_ros2/install/system_monitor_msgs/include/system_monitor_msgs/system_monitor_msgs/msg/ethernet.h
[7.267s] -- Installing: /home/harun/Downloads/system_monitor_ros2/install/system_monitor_msgs/include/system_monitor_msgs/system_monitor_msgs/msg/rosidl_generator_c__visibility_control.h
[7.267s] -- Installing: /home/harun/Downloads/system_monitor_ros2/install/system_monitor_msgs/include/system_monitor_msgs/system_monitor_msgs/msg/detail
[7.268s] -- Installing: /home/harun/Downloads/system_monitor_ros2/install/system_monitor_msgs/include/system_monitor_msgs/system_monitor_msgs/msg/detail/system_monitor__functions.c
[7.268s] -- Installing: /home/harun/Downloads/system_monitor_ros2/install/system_monitor_msgs/include/system_monitor_msgs/system_monitor_msgs/msg/detail/ethernet__functions.h
[7.268s] -- Installing: /home/harun/Downloads/system_monitor_ros2/install/system_monitor_msgs/include/system_monitor_msgs/system_monitor_msgs/msg/detail/ethernet__type_support.h
[7.268s] -- Installing: /home/harun/Downloads/system_monitor_ros2/install/system_monitor_msgs/include/system_monitor_msgs/system_monitor_msgs/msg/detail/ethernet__functions.c
[7.268s] -- Installing: /home/harun/Downloads/system_monitor_ros2/install/system_monitor_msgs/include/system_monitor_msgs/system_monitor_msgs/msg/detail/system_monitor__struct.h
[7.268s] -- Installing: /home/harun/Downloads/system_monitor_ros2/install/system_monitor_msgs/include/system_monitor_msgs/system_monitor_msgs/msg/detail/system_monitor__type_support.h
[7.269s] -- Installing: /home/harun/Downloads/system_monitor_ros2/install/system_monitor_msgs/include/system_monitor_msgs/system_monitor_msgs/msg/detail/system_monitor__functions.h
[7.269s] -- Installing: /home/harun/Downloads/system_monitor_ros2/install/system_monitor_msgs/include/system_monitor_msgs/system_monitor_msgs/msg/detail/ethernet__struct.h
[7.269s] -- Installing: /home/harun/Downloads/system_monitor_ros2/install/system_monitor_msgs/share/system_monitor_msgs/environment/library_path.sh
[7.269s] -- Installing: /home/harun/Downloads/system_monitor_ros2/install/system_monitor_msgs/share/system_monitor_msgs/environment/library_path.dsv
[7.270s] -- Installing: /home/harun/Downloads/system_monitor_ros2/install/system_monitor_msgs/lib/libsystem_monitor_msgs__rosidl_generator_c.so
[7.270s] -- Set runtime path of "/home/harun/Downloads/system_monitor_ros2/install/system_monitor_msgs/lib/libsystem_monitor_msgs__rosidl_generator_c.so" to ""
[7.270s] -- Up-to-date: /home/harun/Downloads/system_monitor_ros2/install/system_monitor_msgs/include/system_monitor_msgs/system_monitor_msgs
[7.270s] -- Up-to-date: /home/harun/Downloads/system_monitor_ros2/install/system_monitor_msgs/include/system_monitor_msgs/system_monitor_msgs/msg
[7.271s] -- Installing: /home/harun/Downloads/system_monitor_ros2/install/system_monitor_msgs/include/system_monitor_msgs/system_monitor_msgs/msg/rosidl_typesupport_fastrtps_c__visibility_control.h
[7.271s] -- Up-to-date: /home/harun/Downloads/system_monitor_ros2/install/system_monitor_msgs/include/system_monitor_msgs/system_monitor_msgs/msg/detail
[7.271s] -- Installing: /home/harun/Downloads/system_monitor_ros2/install/system_monitor_msgs/include/system_monitor_msgs/system_monitor_msgs/msg/detail/system_monitor__rosidl_typesupport_fastrtps_c.h
[7.271s] -- Installing: /home/harun/Downloads/system_monitor_ros2/install/system_monitor_msgs/include/system_monitor_msgs/system_monitor_msgs/msg/detail/ethernet__rosidl_typesupport_fastrtps_c.h
[7.271s] -- Installing: /home/harun/Downloads/system_monitor_ros2/install/system_monitor_msgs/lib/libsystem_monitor_msgs__rosidl_typesupport_fastrtps_c.so
[7.271s] -- Set runtime path of "/home/harun/Downloads/system_monitor_ros2/install/system_monitor_msgs/lib/libsystem_monitor_msgs__rosidl_typesupport_fastrtps_c.so" to ""
[7.271s] -- Up-to-date: /home/harun/Downloads/system_monitor_ros2/install/system_monitor_msgs/include/system_monitor_msgs/system_monitor_msgs
[7.271s] -- Up-to-date: /home/harun/Downloads/system_monitor_ros2/install/system_monitor_msgs/include/system_monitor_msgs/system_monitor_msgs/msg
[7.271s] -- Up-to-date: /home/harun/Downloads/system_monitor_ros2/install/system_monitor_msgs/include/system_monitor_msgs/system_monitor_msgs/msg/detail
[7.272s] -- Installing: /home/harun/Downloads/system_monitor_ros2/install/system_monitor_msgs/include/system_monitor_msgs/system_monitor_msgs/msg/detail/ethernet__rosidl_typesupport_introspection_c.h
[7.272s] -- Installing: /home/harun/Downloads/system_monitor_ros2/install/system_monitor_msgs/include/system_monitor_msgs/system_monitor_msgs/msg/detail/ethernet__type_support.c
[7.272s] -- Installing: /home/harun/Downloads/system_monitor_ros2/install/system_monitor_msgs/include/system_monitor_msgs/system_monitor_msgs/msg/detail/system_monitor__type_support.c
[7.272s] -- Installing: /home/harun/Downloads/system_monitor_ros2/install/system_monitor_msgs/include/system_monitor_msgs/system_monitor_msgs/msg/detail/system_monitor__rosidl_typesupport_introspection_c.h
[7.272s] -- Installing: /home/harun/Downloads/system_monitor_ros2/install/system_monitor_msgs/include/system_monitor_msgs/system_monitor_msgs/msg/rosidl_typesupport_introspection_c__visibility_control.h
[7.272s] -- Installing: /home/harun/Downloads/system_monitor_ros2/install/system_monitor_msgs/lib/libsystem_monitor_msgs__rosidl_typesupport_introspection_c.so
[7.272s] -- Set runtime path of "/home/harun/Downloads/system_monitor_ros2/install/system_monitor_msgs/lib/libsystem_monitor_msgs__rosidl_typesupport_introspection_c.so" to ""
[7.273s] -- Installing: /home/harun/Downloads/system_monitor_ros2/install/system_monitor_msgs/lib/libsystem_monitor_msgs__rosidl_typesupport_c.so
[7.273s] -- Set runtime path of "/home/harun/Downloads/system_monitor_ros2/install/system_monitor_msgs/lib/libsystem_monitor_msgs__rosidl_typesupport_c.so" to ""
[7.273s] -- Up-to-date: /home/harun/Downloads/system_monitor_ros2/install/system_monitor_msgs/include/system_monitor_msgs/system_monitor_msgs
[7.273s] -- Up-to-date: /home/harun/Downloads/system_monitor_ros2/install/system_monitor_msgs/include/system_monitor_msgs/system_monitor_msgs/msg
[7.274s] -- Installing: /home/harun/Downloads/system_monitor_ros2/install/system_monitor_msgs/include/system_monitor_msgs/system_monitor_msgs/msg/ethernet.hpp
[7.274s] -- Up-to-date: /home/harun/Downloads/system_monitor_ros2/install/system_monitor_msgs/include/system_monitor_msgs/system_monitor_msgs/msg/detail
[7.274s] -- Installing: /home/harun/Downloads/system_monitor_ros2/install/system_monitor_msgs/include/system_monitor_msgs/system_monitor_msgs/msg/detail/ethernet__traits.hpp
[7.275s] -- Installing: /home/harun/Downloads/system_monitor_ros2/install/system_monitor_msgs/include/system_monitor_msgs/system_monitor_msgs/msg/detail/ethernet__struct.hpp
[7.276s] -- Installing: /home/harun/Downloads/system_monitor_ros2/install/system_monitor_msgs/include/system_monitor_msgs/system_monitor_msgs/msg/detail/system_monitor__struct.hpp
[7.276s] -- Installing: /home/harun/Downloads/system_monitor_ros2/install/system_monitor_msgs/include/system_monitor_msgs/system_monitor_msgs/msg/detail/ethernet__builder.hpp
[7.276s] -- Installing: /home/harun/Downloads/system_monitor_ros2/install/system_monitor_msgs/include/system_monitor_msgs/system_monitor_msgs/msg/detail/system_monitor__builder.hpp
[7.276s] -- Installing: /home/harun/Downloads/system_monitor_ros2/install/system_monitor_msgs/include/system_monitor_msgs/system_monitor_msgs/msg/detail/system_monitor__traits.hpp
[7.276s] -- Installing: /home/harun/Downloads/system_monitor_ros2/install/system_monitor_msgs/include/system_monitor_msgs/system_monitor_msgs/msg/system_monitor.hpp
[7.276s] -- Up-to-date: /home/harun/Downloads/system_monitor_ros2/install/system_monitor_msgs/include/system_monitor_msgs/system_monitor_msgs
[7.277s] -- Up-to-date: /home/harun/Downloads/system_monitor_ros2/install/system_monitor_msgs/include/system_monitor_msgs/system_monitor_msgs/msg
[7.277s] -- Installing: /home/harun/Downloads/system_monitor_ros2/install/system_monitor_msgs/include/system_monitor_msgs/system_monitor_msgs/msg/rosidl_typesupport_fastrtps_cpp__visibility_control.h
[7.277s] -- Up-to-date: /home/harun/Downloads/system_monitor_ros2/install/system_monitor_msgs/include/system_monitor_msgs/system_monitor_msgs/msg/detail
[7.277s] -- Installing: /home/harun/Downloads/system_monitor_ros2/install/system_monitor_msgs/include/system_monitor_msgs/system_monitor_msgs/msg/detail/system_monitor__rosidl_typesupport_fastrtps_cpp.hpp
[7.278s] -- Installing: /home/harun/Downloads/system_monitor_ros2/install/system_monitor_msgs/include/system_monitor_msgs/system_monitor_msgs/msg/detail/ethernet__rosidl_typesupport_fastrtps_cpp.hpp
[7.278s] -- Installing: /home/harun/Downloads/system_monitor_ros2/install/system_monitor_msgs/include/system_monitor_msgs/system_monitor_msgs/msg/detail/dds_fastrtps
[7.278s] -- Installing: /home/harun/Downloads/system_monitor_ros2/install/system_monitor_msgs/lib/libsystem_monitor_msgs__rosidl_typesupport_fastrtps_cpp.so
[7.278s] -- Set runtime path of "/home/harun/Downloads/system_monitor_ros2/install/system_monitor_msgs/lib/libsystem_monitor_msgs__rosidl_typesupport_fastrtps_cpp.so" to ""
[7.278s] -- Up-to-date: /home/harun/Downloads/system_monitor_ros2/install/system_monitor_msgs/include/system_monitor_msgs/system_monitor_msgs
[7.278s] -- Up-to-date: /home/harun/Downloads/system_monitor_ros2/install/system_monitor_msgs/include/system_monitor_msgs/system_monitor_msgs/msg
[7.279s] -- Up-to-date: /home/harun/Downloads/system_monitor_ros2/install/system_monitor_msgs/include/system_monitor_msgs/system_monitor_msgs/msg/detail
[7.279s] -- Installing: /home/harun/Downloads/system_monitor_ros2/install/system_monitor_msgs/include/system_monitor_msgs/system_monitor_msgs/msg/detail/system_monitor__rosidl_typesupport_introspection_cpp.hpp
[7.279s] -- Installing: /home/harun/Downloads/system_monitor_ros2/install/system_monitor_msgs/include/system_monitor_msgs/system_monitor_msgs/msg/detail/system_monitor__type_support.cpp
[7.279s] -- Installing: /home/harun/Downloads/system_monitor_ros2/install/system_monitor_msgs/include/system_monitor_msgs/system_monitor_msgs/msg/detail/ethernet__rosidl_typesupport_introspection_cpp.hpp
[7.279s] -- Installing: /home/harun/Downloads/system_monitor_ros2/install/system_monitor_msgs/include/system_monitor_msgs/system_monitor_msgs/msg/detail/ethernet__type_support.cpp
[7.280s] -- Installing: /home/harun/Downloads/system_monitor_ros2/install/system_monitor_msgs/lib/libsystem_monitor_msgs__rosidl_typesupport_introspection_cpp.so
[7.280s] -- Set runtime path of "/home/harun/Downloads/system_monitor_ros2/install/system_monitor_msgs/lib/libsystem_monitor_msgs__rosidl_typesupport_introspection_cpp.so" to ""
[7.280s] -- Installing: /home/harun/Downloads/system_monitor_ros2/install/system_monitor_msgs/lib/libsystem_monitor_msgs__rosidl_typesupport_cpp.so
[7.280s] -- Set runtime path of "/home/harun/Downloads/system_monitor_ros2/install/system_monitor_msgs/lib/libsystem_monitor_msgs__rosidl_typesupport_cpp.so" to ""
[7.280s] -- Installing: /home/harun/Downloads/system_monitor_ros2/install/system_monitor_msgs/share/system_monitor_msgs/environment/pythonpath.sh
[7.280s] -- Installing: /home/harun/Downloads/system_monitor_ros2/install/system_monitor_msgs/share/system_monitor_msgs/environment/pythonpath.dsv
[7.281s] -- Installing: /home/harun/Downloads/system_monitor_ros2/install/system_monitor_msgs/local/lib/python3.10/dist-packages/system_monitor_msgs-0.0.0-py3.10.egg-info
[7.281s] -- Installing: /home/harun/Downloads/system_monitor_ros2/install/system_monitor_msgs/local/lib/python3.10/dist-packages/system_monitor_msgs-0.0.0-py3.10.egg-info/PKG-INFO
[7.281s] -- Installing: /home/harun/Downloads/system_monitor_ros2/install/system_monitor_msgs/local/lib/python3.10/dist-packages/system_monitor_msgs-0.0.0-py3.10.egg-info/SOURCES.txt
[7.281s] -- Installing: /home/harun/Downloads/system_monitor_ros2/install/system_monitor_msgs/local/lib/python3.10/dist-packages/system_monitor_msgs-0.0.0-py3.10.egg-info/dependency_links.txt
[7.281s] -- Installing: /home/harun/Downloads/system_monitor_ros2/install/system_monitor_msgs/local/lib/python3.10/dist-packages/system_monitor_msgs-0.0.0-py3.10.egg-info/top_level.txt
[7.281s] -- Installing: /home/harun/Downloads/system_monitor_ros2/install/system_monitor_msgs/local/lib/python3.10/dist-packages/system_monitor_msgs
[7.282s] -- Installing: /home/harun/Downloads/system_monitor_ros2/install/system_monitor_msgs/local/lib/python3.10/dist-packages/system_monitor_msgs/__init__.py
[7.282s] -- Installing: /home/harun/Downloads/system_monitor_ros2/install/system_monitor_msgs/local/lib/python3.10/dist-packages/system_monitor_msgs/libsystem_monitor_msgs__rosidl_generator_py.so
[7.282s] -- Installing: /home/harun/Downloads/system_monitor_ros2/install/system_monitor_msgs/local/lib/python3.10/dist-packages/system_monitor_msgs/system_monitor_msgs_s__rosidl_typesupport_fastrtps_c.cpython-310-x86_64-linux-gnu.so
[7.282s] -- Installing: /home/harun/Downloads/system_monitor_ros2/install/system_monitor_msgs/local/lib/python3.10/dist-packages/system_monitor_msgs/_system_monitor_msgs_s.ep.rosidl_typesupport_introspection_c.c
[7.282s] -- Installing: /home/harun/Downloads/system_monitor_ros2/install/system_monitor_msgs/local/lib/python3.10/dist-packages/system_monitor_msgs/_system_monitor_msgs_s.ep.rosidl_typesupport_c.c
[7.282s] -- Installing: /home/harun/Downloads/system_monitor_ros2/install/system_monitor_msgs/local/lib/python3.10/dist-packages/system_monitor_msgs/_system_monitor_msgs_s.ep.rosidl_typesupport_fastrtps_c.c
[7.283s] -- Installing: /home/harun/Downloads/system_monitor_ros2/install/system_monitor_msgs/local/lib/python3.10/dist-packages/system_monitor_msgs/system_monitor_msgs_s__rosidl_typesupport_introspection_c.cpython-310-x86_64-linux-gnu.so
[7.283s] -- Installing: /home/harun/Downloads/system_monitor_ros2/install/system_monitor_msgs/local/lib/python3.10/dist-packages/system_monitor_msgs/system_monitor_msgs_s__rosidl_typesupport_c.cpython-310-x86_64-linux-gnu.so
[7.283s] -- Installing: /home/harun/Downloads/system_monitor_ros2/install/system_monitor_msgs/local/lib/python3.10/dist-packages/system_monitor_msgs/msg
[7.283s] -- Installing: /home/harun/Downloads/system_monitor_ros2/install/system_monitor_msgs/local/lib/python3.10/dist-packages/system_monitor_msgs/msg/__init__.py
[7.283s] -- Installing: /home/harun/Downloads/system_monitor_ros2/install/system_monitor_msgs/local/lib/python3.10/dist-packages/system_monitor_msgs/msg/_system_monitor.py
[7.284s] -- Installing: /home/harun/Downloads/system_monitor_ros2/install/system_monitor_msgs/local/lib/python3.10/dist-packages/system_monitor_msgs/msg/_ethernet_s.c
[7.284s] -- Installing: /home/harun/Downloads/system_monitor_ros2/install/system_monitor_msgs/local/lib/python3.10/dist-packages/system_monitor_msgs/msg/_ethernet.py
[7.284s] -- Installing: /home/harun/Downloads/system_monitor_ros2/install/system_monitor_msgs/local/lib/python3.10/dist-packages/system_monitor_msgs/msg/_system_monitor_s.c
[7.325s] Listing '/home/harun/Downloads/system_monitor_ros2/install/system_monitor_msgs/local/lib/python3.10/dist-packages/system_monitor_msgs'...
[7.325s] Compiling '/home/harun/Downloads/system_monitor_ros2/install/system_monitor_msgs/local/lib/python3.10/dist-packages/system_monitor_msgs/__init__.py'...
[7.325s] Listing '/home/harun/Downloads/system_monitor_ros2/install/system_monitor_msgs/local/lib/python3.10/dist-packages/system_monitor_msgs/msg'...
[7.325s] Compiling '/home/harun/Downloads/system_monitor_ros2/install/system_monitor_msgs/local/lib/python3.10/dist-packages/system_monitor_msgs/msg/__init__.py'...
[7.326s] Compiling '/home/harun/Downloads/system_monitor_ros2/install/system_monitor_msgs/local/lib/python3.10/dist-packages/system_monitor_msgs/msg/_ethernet.py'...
[7.326s] Compiling '/home/harun/Downloads/system_monitor_ros2/install/system_monitor_msgs/local/lib/python3.10/dist-packages/system_monitor_msgs/msg/_system_monitor.py'...
[7.338s] -- Installing: /home/harun/Downloads/system_monitor_ros2/install/system_monitor_msgs/local/lib/python3.10/dist-packages/system_monitor_msgs/system_monitor_msgs_s__rosidl_typesupport_fastrtps_c.cpython-310-x86_64-linux-gnu.so
[7.338s] -- Set runtime path of "/home/harun/Downloads/system_monitor_ros2/install/system_monitor_msgs/local/lib/python3.10/dist-packages/system_monitor_msgs/system_monitor_msgs_s__rosidl_typesupport_fastrtps_c.cpython-310-x86_64-linux-gnu.so" to ""
[7.338s] -- Installing: /home/harun/Downloads/system_monitor_ros2/install/system_monitor_msgs/local/lib/python3.10/dist-packages/system_monitor_msgs/system_monitor_msgs_s__rosidl_typesupport_introspection_c.cpython-310-x86_64-linux-gnu.so
[7.339s] -- Set runtime path of "/home/harun/Downloads/system_monitor_ros2/install/system_monitor_msgs/local/lib/python3.10/dist-packages/system_monitor_msgs/system_monitor_msgs_s__rosidl_typesupport_introspection_c.cpython-310-x86_64-linux-gnu.so" to ""
[7.339s] -- Installing: /home/harun/Downloads/system_monitor_ros2/install/system_monitor_msgs/local/lib/python3.10/dist-packages/system_monitor_msgs/system_monitor_msgs_s__rosidl_typesupport_c.cpython-310-x86_64-linux-gnu.so
[7.340s] -- Set runtime path of "/home/harun/Downloads/system_monitor_ros2/install/system_monitor_msgs/local/lib/python3.10/dist-packages/system_monitor_msgs/system_monitor_msgs_s__rosidl_typesupport_c.cpython-310-x86_64-linux-gnu.so" to ""
[7.340s] -- Installing: /home/harun/Downloads/system_monitor_ros2/install/system_monitor_msgs/lib/libsystem_monitor_msgs__rosidl_generator_py.so
[7.341s] -- Set runtime path of "/home/harun/Downloads/system_monitor_ros2/install/system_monitor_msgs/lib/libsystem_monitor_msgs__rosidl_generator_py.so" to ""
[7.341s] -- Installing: /home/harun/Downloads/system_monitor_ros2/install/system_monitor_msgs/share/system_monitor_msgs/msg/Ethernet.idl
[7.341s] -- Installing: /home/harun/Downloads/system_monitor_ros2/install/system_monitor_msgs/share/system_monitor_msgs/msg/SystemMonitor.idl
[7.341s] -- Installing: /home/harun/Downloads/system_monitor_ros2/install/system_monitor_msgs/share/system_monitor_msgs/msg/Ethernet.msg
[7.341s] -- Installing: /home/harun/Downloads/system_monitor_ros2/install/system_monitor_msgs/share/system_monitor_msgs/msg/SystemMonitor.msg
[7.341s] -- Installing: /home/harun/Downloads/system_monitor_ros2/install/system_monitor_msgs/share/ament_index/resource_index/package_run_dependencies/system_monitor_msgs
[7.342s] -- Installing: /home/harun/Downloads/system_monitor_ros2/install/system_monitor_msgs/share/ament_index/resource_index/parent_prefix_path/system_monitor_msgs
[7.342s] -- Installing: /home/harun/Downloads/system_monitor_ros2/install/system_monitor_msgs/share/system_monitor_msgs/environment/ament_prefix_path.sh
[7.343s] -- Installing: /home/harun/Downloads/system_monitor_ros2/install/system_monitor_msgs/share/system_monitor_msgs/environment/ament_prefix_path.dsv
[7.343s] -- Installing: /home/harun/Downloads/system_monitor_ros2/install/system_monitor_msgs/share/system_monitor_msgs/environment/path.sh
[7.344s] -- Installing: /home/harun/Downloads/system_monitor_ros2/install/system_monitor_msgs/share/system_monitor_msgs/environment/path.dsv
[7.348s] -- Installing: /home/harun/Downloads/system_monitor_ros2/install/system_monitor_msgs/share/system_monitor_msgs/local_setup.bash
[7.349s] -- Installing: /home/harun/Downloads/system_monitor_ros2/install/system_monitor_msgs/share/system_monitor_msgs/local_setup.sh
[7.349s] -- Installing: /home/harun/Downloads/system_monitor_ros2/install/system_monitor_msgs/share/system_monitor_msgs/local_setup.zsh
[7.349s] -- Installing: /home/harun/Downloads/system_monitor_ros2/install/system_monitor_msgs/share/system_monitor_msgs/local_setup.dsv
[7.349s] -- Installing: /home/harun/Downloads/system_monitor_ros2/install/system_monitor_msgs/share/system_monitor_msgs/package.dsv
[7.349s] -- Installing: /home/harun/Downloads/system_monitor_ros2/install/system_monitor_msgs/share/ament_index/resource_index/packages/system_monitor_msgs
[7.349s] -- Installing: /home/harun/Downloads/system_monitor_ros2/install/system_monitor_msgs/share/system_monitor_msgs/cmake/export_system_monitor_msgs__rosidl_generator_cExport.cmake
[7.349s] -- Installing: /home/harun/Downloads/system_monitor_ros2/install/system_monitor_msgs/share/system_monitor_msgs/cmake/export_system_monitor_msgs__rosidl_generator_cExport-noconfig.cmake
[7.350s] -- Installing: /home/harun/Downloads/system_monitor_ros2/install/system_monitor_msgs/share/system_monitor_msgs/cmake/export_system_monitor_msgs__rosidl_typesupport_fastrtps_cExport.cmake
[7.350s] -- Installing: /home/harun/Downloads/system_monitor_ros2/install/system_monitor_msgs/share/system_monitor_msgs/cmake/export_system_monitor_msgs__rosidl_typesupport_fastrtps_cExport-noconfig.cmake
[7.350s] -- Installing: /home/harun/Downloads/system_monitor_ros2/install/system_monitor_msgs/share/system_monitor_msgs/cmake/system_monitor_msgs__rosidl_typesupport_introspection_cExport.cmake
[7.350s] -- Installing: /home/harun/Downloads/system_monitor_ros2/install/system_monitor_msgs/share/system_monitor_msgs/cmake/system_monitor_msgs__rosidl_typesupport_introspection_cExport-noconfig.cmake
[7.350s] -- Installing: /home/harun/Downloads/system_monitor_ros2/install/system_monitor_msgs/share/system_monitor_msgs/cmake/system_monitor_msgs__rosidl_typesupport_cExport.cmake
[7.350s] -- Installing: /home/harun/Downloads/system_monitor_ros2/install/system_monitor_msgs/share/system_monitor_msgs/cmake/system_monitor_msgs__rosidl_typesupport_cExport-noconfig.cmake
[7.350s] -- Installing: /home/harun/Downloads/system_monitor_ros2/install/system_monitor_msgs/share/system_monitor_msgs/cmake/export_system_monitor_msgs__rosidl_generator_cppExport.cmake
[7.351s] -- Installing: /home/harun/Downloads/system_monitor_ros2/install/system_monitor_msgs/share/system_monitor_msgs/cmake/export_system_monitor_msgs__rosidl_typesupport_fastrtps_cppExport.cmake
[7.351s] -- Installing: /home/harun/Downloads/system_monitor_ros2/install/system_monitor_msgs/share/system_monitor_msgs/cmake/export_system_monitor_msgs__rosidl_typesupport_fastrtps_cppExport-noconfig.cmake
[7.351s] -- Installing: /home/harun/Downloads/system_monitor_ros2/install/system_monitor_msgs/share/system_monitor_msgs/cmake/system_monitor_msgs__rosidl_typesupport_introspection_cppExport.cmake
[7.351s] -- Installing: /home/harun/Downloads/system_monitor_ros2/install/system_monitor_msgs/share/system_monitor_msgs/cmake/system_monitor_msgs__rosidl_typesupport_introspection_cppExport-noconfig.cmake
[7.351s] -- Installing: /home/harun/Downloads/system_monitor_ros2/install/system_monitor_msgs/share/system_monitor_msgs/cmake/system_monitor_msgs__rosidl_typesupport_cppExport.cmake
[7.351s] -- Installing: /home/harun/Downloads/system_monitor_ros2/install/system_monitor_msgs/share/system_monitor_msgs/cmake/system_monitor_msgs__rosidl_typesupport_cppExport-noconfig.cmake
[7.351s] -- Installing: /home/harun/Downloads/system_monitor_ros2/install/system_monitor_msgs/share/system_monitor_msgs/cmake/export_system_monitor_msgs__rosidl_generator_pyExport.cmake
[7.352s] -- Installing: /home/harun/Downloads/system_monitor_ros2/install/system_monitor_msgs/share/system_monitor_msgs/cmake/export_system_monitor_msgs__rosidl_generator_pyExport-noconfig.cmake
[7.352s] -- Installing: /home/harun/Downloads/system_monitor_ros2/install/system_monitor_msgs/share/system_monitor_msgs/cmake/rosidl_cmake-extras.cmake
[7.353s] -- Installing: /home/harun/Downloads/system_monitor_ros2/install/system_monitor_msgs/share/system_monitor_msgs/cmake/ament_cmake_export_include_directories-extras.cmake
[7.353s] -- Installing: /home/harun/Downloads/system_monitor_ros2/install/system_monitor_msgs/share/system_monitor_msgs/cmake/ament_cmake_export_libraries-extras.cmake
[7.353s] -- Installing: /home/harun/Downloads/system_monitor_ros2/install/system_monitor_msgs/share/system_monitor_msgs/cmake/ament_cmake_export_targets-extras.cmake
[7.354s] -- Installing: /home/harun/Downloads/system_monitor_ros2/install/system_monitor_msgs/share/system_monitor_msgs/cmake/rosidl_cmake_export_typesupport_targets-extras.cmake
[7.354s] -- Installing: /home/harun/Downloads/system_monitor_ros2/install/system_monitor_msgs/share/system_monitor_msgs/cmake/ament_cmake_export_dependencies-extras.cmake
[7.354s] -- Installing: /home/harun/Downloads/system_monitor_ros2/install/system_monitor_msgs/share/system_monitor_msgs/cmake/rosidl_cmake_export_typesupport_libraries-extras.cmake
[7.354s] -- Installing: /home/harun/Downloads/system_monitor_ros2/install/system_monitor_msgs/share/system_monitor_msgs/cmake/system_monitor_msgsConfig.cmake
[7.355s] -- Installing: /home/harun/Downloads/system_monitor_ros2/install/system_monitor_msgs/share/system_monitor_msgs/cmake/system_monitor_msgsConfig-version.cmake
[7.355s] -- Installing: /home/harun/Downloads/system_monitor_ros2/install/system_monitor_msgs/share/system_monitor_msgs/package.xml
[7.360s] Invoked command in '/home/harun/Downloads/system_monitor_ros2/build/system_monitor_msgs' returned '0': CMAKE_PREFIX_PATH=/opt/ros/humble /usr/bin/cmake --install /home/harun/Downloads/system_monitor_ros2/build/system_monitor_msgs
