[0.414s] DEBUG:colcon:Command line arguments: ['/usr/bin/colcon', 'build']
[0.414s] DEBUG:colcon:Parsed command line arguments: Namespace(log_base=None, log_level=None, verb_name='build', build_base='build', install_base='install', merge_install=False, symlink_install=False, test_result_base=None, continue_on_error=False, executor='parallel', parallel_workers=8, event_handlers=None, ignore_user_meta=False, metas=['./colcon.meta'], base_paths=['.'], packages_ignore=None, packages_ignore_regex=None, paths=None, packages_up_to=None, packages_up_to_regex=None, packages_above=None, packages_above_and_dependencies=None, packages_above_depth=None, packages_select_by_dep=None, packages_skip_by_dep=None, packages_skip_up_to=None, packages_select_build_failed=False, packages_skip_build_finished=False, packages_select_test_failures=False, packages_skip_test_passed=False, packages_select=None, packages_skip=None, packages_select_regex=None, packages_skip_regex=None, packages_start=None, packages_end=None, allow_overriding=[], cmake_args=None, cmake_target=None, cmake_target_skip_unavailable=False, cmake_clean_cache=False, cmake_clean_first=False, cmake_force_configure=False, ament_cmake_args=None, catkin_cmake_args=None, catkin_skip_building_tests=False, verb_parser=<colcon_defaults.argument_parser.defaults.DefaultArgumentsDecorator object at 0x7f36a201d0f0>, verb_extension=<colcon_core.verb.build.BuildVerb object at 0x7f36a2b15450>, main=<bound method BuildVerb.main of <colcon_core.verb.build.BuildVerb object at 0x7f36a2b15450>>)
[0.446s] Level 1:colcon.colcon_core.package_discovery:discover_packages(colcon_meta) check parameters
[0.446s] Level 1:colcon.colcon_core.package_discovery:discover_packages(recursive) check parameters
[0.446s] Level 1:colcon.colcon_core.package_discovery:discover_packages(ignore) check parameters
[0.446s] Level 1:colcon.colcon_core.package_discovery:discover_packages(path) check parameters
[0.446s] Level 1:colcon.colcon_core.package_discovery:discover_packages(colcon_meta) discover
[0.446s] Level 1:colcon.colcon_core.package_discovery:discover_packages(recursive) discover
[0.446s] INFO:colcon.colcon_core.package_discovery:Crawling recursively for packages in '/home/harun/Downloads/system_monitor_ros2'
[0.446s] Level 1:colcon.colcon_core.package_identification:_identify(.) by extensions ['ignore', 'ignore_ament_install']
[0.446s] Level 1:colcon.colcon_core.package_identification:_identify(.) by extension 'ignore'
[0.446s] Level 1:colcon.colcon_core.package_identification:_identify(.) by extension 'ignore_ament_install'
[0.447s] Level 1:colcon.colcon_core.package_identification:_identify(.) by extensions ['colcon_pkg']
[0.447s] Level 1:colcon.colcon_core.package_identification:_identify(.) by extension 'colcon_pkg'
[0.447s] Level 1:colcon.colcon_core.package_identification:_identify(.) by extensions ['colcon_meta']
[0.447s] Level 1:colcon.colcon_core.package_identification:_identify(.) by extension 'colcon_meta'
[0.447s] Level 1:colcon.colcon_core.package_identification:_identify(.) by extensions ['ros']
[0.447s] Level 1:colcon.colcon_core.package_identification:_identify(.) by extension 'ros'
[0.460s] Level 1:colcon.colcon_core.package_identification:_identify(.) by extensions ['cmake', 'python']
[0.460s] Level 1:colcon.colcon_core.package_identification:_identify(.) by extension 'cmake'
[0.460s] Level 1:colcon.colcon_core.package_identification:_identify(.) by extension 'python'
[0.460s] Level 1:colcon.colcon_core.package_identification:_identify(.) by extensions ['python_setup_py']
[0.460s] Level 1:colcon.colcon_core.package_identification:_identify(.) by extension 'python_setup_py'
[0.460s] Level 1:colcon.colcon_core.package_identification:_identify(build) by extensions ['ignore', 'ignore_ament_install']
[0.460s] Level 1:colcon.colcon_core.package_identification:_identify(build) by extension 'ignore'
[0.460s] Level 1:colcon.colcon_core.package_identification:_identify(build) ignored
[0.460s] Level 1:colcon.colcon_core.package_identification:_identify(install) by extensions ['ignore', 'ignore_ament_install']
[0.460s] Level 1:colcon.colcon_core.package_identification:_identify(install) by extension 'ignore'
[0.460s] Level 1:colcon.colcon_core.package_identification:_identify(install) ignored
[0.460s] Level 1:colcon.colcon_core.package_identification:_identify(log) by extensions ['ignore', 'ignore_ament_install']
[0.461s] Level 1:colcon.colcon_core.package_identification:_identify(log) by extension 'ignore'
[0.461s] Level 1:colcon.colcon_core.package_identification:_identify(log) ignored
[0.461s] Level 1:colcon.colcon_core.package_identification:_identify(src) by extensions ['ignore', 'ignore_ament_install']
[0.461s] Level 1:colcon.colcon_core.package_identification:_identify(src) by extension 'ignore'
[0.461s] Level 1:colcon.colcon_core.package_identification:_identify(src) by extension 'ignore_ament_install'
[0.461s] Level 1:colcon.colcon_core.package_identification:_identify(src) by extensions ['colcon_pkg']
[0.461s] Level 1:colcon.colcon_core.package_identification:_identify(src) by extension 'colcon_pkg'
[0.461s] Level 1:colcon.colcon_core.package_identification:_identify(src) by extensions ['colcon_meta']
[0.461s] Level 1:colcon.colcon_core.package_identification:_identify(src) by extension 'colcon_meta'
[0.461s] Level 1:colcon.colcon_core.package_identification:_identify(src) by extensions ['ros']
[0.461s] Level 1:colcon.colcon_core.package_identification:_identify(src) by extension 'ros'
[0.461s] Level 1:colcon.colcon_core.package_identification:_identify(src) by extensions ['cmake', 'python']
[0.461s] Level 1:colcon.colcon_core.package_identification:_identify(src) by extension 'cmake'
[0.461s] Level 1:colcon.colcon_core.package_identification:_identify(src) by extension 'python'
[0.461s] Level 1:colcon.colcon_core.package_identification:_identify(src) by extensions ['python_setup_py']
[0.461s] Level 1:colcon.colcon_core.package_identification:_identify(src) by extension 'python_setup_py'
[0.461s] Level 1:colcon.colcon_core.package_identification:_identify(src/system_monitor_msgs) by extensions ['ignore', 'ignore_ament_install']
[0.462s] Level 1:colcon.colcon_core.package_identification:_identify(src/system_monitor_msgs) by extension 'ignore'
[0.462s] Level 1:colcon.colcon_core.package_identification:_identify(src/system_monitor_msgs) by extension 'ignore_ament_install'
[0.462s] Level 1:colcon.colcon_core.package_identification:_identify(src/system_monitor_msgs) by extensions ['colcon_pkg']
[0.462s] Level 1:colcon.colcon_core.package_identification:_identify(src/system_monitor_msgs) by extension 'colcon_pkg'
[0.462s] Level 1:colcon.colcon_core.package_identification:_identify(src/system_monitor_msgs) by extensions ['colcon_meta']
[0.462s] Level 1:colcon.colcon_core.package_identification:_identify(src/system_monitor_msgs) by extension 'colcon_meta'
[0.462s] Level 1:colcon.colcon_core.package_identification:_identify(src/system_monitor_msgs) by extensions ['ros']
[0.462s] Level 1:colcon.colcon_core.package_identification:_identify(src/system_monitor_msgs) by extension 'ros'
[0.465s] DEBUG:colcon.colcon_core.package_identification:Package 'src/system_monitor_msgs' with type 'ros.ament_cmake' and name 'system_monitor_msgs'
[0.465s] Level 1:colcon.colcon_core.package_identification:_identify(src/systemmonitor) by extensions ['ignore', 'ignore_ament_install']
[0.466s] Level 1:colcon.colcon_core.package_identification:_identify(src/systemmonitor) by extension 'ignore'
[0.466s] Level 1:colcon.colcon_core.package_identification:_identify(src/systemmonitor) by extension 'ignore_ament_install'
[0.466s] Level 1:colcon.colcon_core.package_identification:_identify(src/systemmonitor) by extensions ['colcon_pkg']
[0.466s] Level 1:colcon.colcon_core.package_identification:_identify(src/systemmonitor) by extension 'colcon_pkg'
[0.466s] Level 1:colcon.colcon_core.package_identification:_identify(src/systemmonitor) by extensions ['colcon_meta']
[0.466s] Level 1:colcon.colcon_core.package_identification:_identify(src/systemmonitor) by extension 'colcon_meta'
[0.466s] Level 1:colcon.colcon_core.package_identification:_identify(src/systemmonitor) by extensions ['ros']
[0.466s] Level 1:colcon.colcon_core.package_identification:_identify(src/systemmonitor) by extension 'ros'
[0.467s] DEBUG:colcon.colcon_core.package_identification:Package 'src/systemmonitor' with type 'ros.ament_cmake' and name 'systemmonitor'
[0.467s] Level 1:colcon.colcon_core.package_discovery:discover_packages(recursive) using defaults
[0.467s] Level 1:colcon.colcon_core.package_discovery:discover_packages(ignore) discover
[0.467s] Level 1:colcon.colcon_core.package_discovery:discover_packages(ignore) using defaults
[0.467s] Level 1:colcon.colcon_core.package_discovery:discover_packages(path) discover
[0.467s] Level 1:colcon.colcon_core.package_discovery:discover_packages(path) using defaults
[0.502s] Level 1:colcon.colcon_core.package_discovery:discover_packages(prefix_path) check parameters
[0.502s] Level 1:colcon.colcon_core.package_discovery:discover_packages(prefix_path) discover
[0.510s] DEBUG:colcon.colcon_installed_package_information.package_discovery:Found 270 installed packages in /opt/ros/humble
[0.514s] Level 1:colcon.colcon_core.package_discovery:discover_packages(prefix_path) using defaults
[0.617s] Level 5:colcon.colcon_core.verb:set package 'system_monitor_msgs' build argument 'cmake_args' from command line to 'None'
[0.617s] Level 5:colcon.colcon_core.verb:set package 'system_monitor_msgs' build argument 'cmake_target' from command line to 'None'
[0.617s] Level 5:colcon.colcon_core.verb:set package 'system_monitor_msgs' build argument 'cmake_target_skip_unavailable' from command line to 'False'
[0.617s] Level 5:colcon.colcon_core.verb:set package 'system_monitor_msgs' build argument 'cmake_clean_cache' from command line to 'False'
[0.617s] Level 5:colcon.colcon_core.verb:set package 'system_monitor_msgs' build argument 'cmake_clean_first' from command line to 'False'
[0.617s] Level 5:colcon.colcon_core.verb:set package 'system_monitor_msgs' build argument 'cmake_force_configure' from command line to 'False'
[0.617s] Level 5:colcon.colcon_core.verb:set package 'system_monitor_msgs' build argument 'ament_cmake_args' from command line to 'None'
[0.617s] Level 5:colcon.colcon_core.verb:set package 'system_monitor_msgs' build argument 'catkin_cmake_args' from command line to 'None'
[0.617s] Level 5:colcon.colcon_core.verb:set package 'system_monitor_msgs' build argument 'catkin_skip_building_tests' from command line to 'False'
[0.618s] DEBUG:colcon.colcon_core.verb:Building package 'system_monitor_msgs' with the following arguments: {'ament_cmake_args': None, 'build_base': '/home/harun/Downloads/system_monitor_ros2/build/system_monitor_msgs', 'catkin_cmake_args': None, 'catkin_skip_building_tests': False, 'cmake_args': None, 'cmake_clean_cache': False, 'cmake_clean_first': False, 'cmake_force_configure': False, 'cmake_target': None, 'cmake_target_skip_unavailable': False, 'install_base': '/home/harun/Downloads/system_monitor_ros2/install/system_monitor_msgs', 'merge_install': False, 'path': '/home/harun/Downloads/system_monitor_ros2/src/system_monitor_msgs', 'symlink_install': False, 'test_result_base': None}
[0.619s] Level 5:colcon.colcon_core.verb:set package 'systemmonitor' build argument 'cmake_args' from command line to 'None'
[0.619s] Level 5:colcon.colcon_core.verb:set package 'systemmonitor' build argument 'cmake_target' from command line to 'None'
[0.619s] Level 5:colcon.colcon_core.verb:set package 'systemmonitor' build argument 'cmake_target_skip_unavailable' from command line to 'False'
[0.619s] Level 5:colcon.colcon_core.verb:set package 'systemmonitor' build argument 'cmake_clean_cache' from command line to 'False'
[0.619s] Level 5:colcon.colcon_core.verb:set package 'systemmonitor' build argument 'cmake_clean_first' from command line to 'False'
[0.619s] Level 5:colcon.colcon_core.verb:set package 'systemmonitor' build argument 'cmake_force_configure' from command line to 'False'
[0.619s] Level 5:colcon.colcon_core.verb:set package 'systemmonitor' build argument 'ament_cmake_args' from command line to 'None'
[0.619s] Level 5:colcon.colcon_core.verb:set package 'systemmonitor' build argument 'catkin_cmake_args' from command line to 'None'
[0.620s] Level 5:colcon.colcon_core.verb:set package 'systemmonitor' build argument 'catkin_skip_building_tests' from command line to 'False'
[0.620s] DEBUG:colcon.colcon_core.verb:Building package 'systemmonitor' with the following arguments: {'ament_cmake_args': None, 'build_base': '/home/harun/Downloads/system_monitor_ros2/build/systemmonitor', 'catkin_cmake_args': None, 'catkin_skip_building_tests': False, 'cmake_args': None, 'cmake_clean_cache': False, 'cmake_clean_first': False, 'cmake_force_configure': False, 'cmake_target': None, 'cmake_target_skip_unavailable': False, 'install_base': '/home/harun/Downloads/system_monitor_ros2/install/systemmonitor', 'merge_install': False, 'path': '/home/harun/Downloads/system_monitor_ros2/src/systemmonitor', 'symlink_install': False, 'test_result_base': None}
[0.621s] INFO:colcon.colcon_core.executor:Executing jobs using 'parallel' executor
[0.629s] DEBUG:colcon.colcon_parallel_executor.executor.parallel:run_until_complete
[0.629s] INFO:colcon.colcon_ros.task.ament_cmake.build:Building ROS package in '/home/harun/Downloads/system_monitor_ros2/src/system_monitor_msgs' with build type 'ament_cmake'
[0.629s] INFO:colcon.colcon_cmake.task.cmake.build:Building CMake package in '/home/harun/Downloads/system_monitor_ros2/src/system_monitor_msgs'
[0.638s] INFO:colcon.colcon_core.plugin_system:Skipping extension 'colcon_core.shell.bat': Not used on non-Windows systems
[0.639s] INFO:colcon.colcon_core.shell:Skip shell extension 'powershell' for command environment: Not usable outside of PowerShell
[0.639s] DEBUG:colcon.colcon_core.shell:Skip shell extension 'dsv' for command environment
[0.649s] INFO:colcon.colcon_ros.task.ament_cmake.build:Building ROS package in '/home/harun/Downloads/system_monitor_ros2/src/systemmonitor' with build type 'ament_cmake'
[0.649s] INFO:colcon.colcon_cmake.task.cmake.build:Building CMake package in '/home/harun/Downloads/system_monitor_ros2/src/systemmonitor'
[0.659s] INFO:colcon.colcon_core.shell:Skip shell extension 'powershell' for command environment: Not usable outside of PowerShell
[0.660s] DEBUG:colcon.colcon_core.shell:Skip shell extension 'dsv' for command environment
[0.677s] DEBUG:colcon.colcon_core.event_handler.log_command:Invoking command in '/home/harun/Downloads/system_monitor_ros2/build/system_monitor_msgs': CMAKE_PREFIX_PATH=/opt/ros/humble /usr/bin/cmake /home/harun/Downloads/system_monitor_ros2/src/system_monitor_msgs -DCMAKE_INSTALL_PREFIX=/home/harun/Downloads/system_monitor_ros2/install/system_monitor_msgs
[0.685s] DEBUG:colcon.colcon_core.event_handler.log_command:Invoking command in '/home/harun/Downloads/system_monitor_ros2/build/systemmonitor': CMAKE_PREFIX_PATH=/opt/ros/humble /usr/bin/cmake /home/harun/Downloads/system_monitor_ros2/src/systemmonitor -DCMAKE_INSTALL_PREFIX=/home/harun/Downloads/system_monitor_ros2/install/systemmonitor
[2.618s] DEBUG:colcon.colcon_core.event_handler.log_command:Invoked command in '/home/harun/Downloads/system_monitor_ros2/build/systemmonitor' returned '0': CMAKE_PREFIX_PATH=/opt/ros/humble /usr/bin/cmake /home/harun/Downloads/system_monitor_ros2/src/systemmonitor -DCMAKE_INSTALL_PREFIX=/home/harun/Downloads/system_monitor_ros2/install/systemmonitor
[2.621s] DEBUG:colcon.colcon_core.event_handler.log_command:Invoking command in '/home/harun/Downloads/system_monitor_ros2/build/systemmonitor': CMAKE_PREFIX_PATH=/opt/ros/humble /usr/bin/cmake --build /home/harun/Downloads/system_monitor_ros2/build/systemmonitor -- -j8 -l8
[2.901s] DEBUG:colcon.colcon_core.event_handler.log_command:Invoked command in '/home/harun/Downloads/system_monitor_ros2/build/system_monitor_msgs' returned '0': CMAKE_PREFIX_PATH=/opt/ros/humble /usr/bin/cmake /home/harun/Downloads/system_monitor_ros2/src/system_monitor_msgs -DCMAKE_INSTALL_PREFIX=/home/harun/Downloads/system_monitor_ros2/install/system_monitor_msgs
[2.903s] DEBUG:colcon.colcon_core.event_handler.log_command:Invoking command in '/home/harun/Downloads/system_monitor_ros2/build/system_monitor_msgs': CMAKE_PREFIX_PATH=/opt/ros/humble /usr/bin/cmake --build /home/harun/Downloads/system_monitor_ros2/build/system_monitor_msgs -- -j8 -l8
[7.783s] DEBUG:colcon.colcon_core.event_handler.log_command:Invoked command in '/home/harun/Downloads/system_monitor_ros2/build/system_monitor_msgs' returned '0': CMAKE_PREFIX_PATH=/opt/ros/humble /usr/bin/cmake --build /home/harun/Downloads/system_monitor_ros2/build/system_monitor_msgs -- -j8 -l8
[7.886s] DEBUG:colcon.colcon_core.event_handler.log_command:Invoking command in '/home/harun/Downloads/system_monitor_ros2/build/system_monitor_msgs': CMAKE_PREFIX_PATH=/opt/ros/humble /usr/bin/cmake --install /home/harun/Downloads/system_monitor_ros2/build/system_monitor_msgs
[7.989s] Level 1:colcon.colcon_core.environment:create_environment_scripts_only(system_monitor_msgs)
[7.991s] DEBUG:colcon.colcon_core.event_handler.log_command:Invoked command in '/home/harun/Downloads/system_monitor_ros2/build/system_monitor_msgs' returned '0': CMAKE_PREFIX_PATH=/opt/ros/humble /usr/bin/cmake --install /home/harun/Downloads/system_monitor_ros2/build/system_monitor_msgs
[8.000s] Level 1:colcon.colcon_core.environment:checking '/home/harun/Downloads/system_monitor_ros2/install/system_monitor_msgs' for CMake module files
[8.002s] Level 1:colcon.colcon_core.environment:checking '/home/harun/Downloads/system_monitor_ros2/install/system_monitor_msgs' for CMake config files
[8.002s] Level 1:colcon.colcon_core.shell:create_environment_hook('system_monitor_msgs', 'cmake_prefix_path')
[8.005s] INFO:colcon.colcon_core.shell:Creating environment hook '/home/harun/Downloads/system_monitor_ros2/install/system_monitor_msgs/share/system_monitor_msgs/hook/cmake_prefix_path.ps1'
[8.007s] INFO:colcon.colcon_core.shell:Creating environment descriptor '/home/harun/Downloads/system_monitor_ros2/install/system_monitor_msgs/share/system_monitor_msgs/hook/cmake_prefix_path.dsv'
[8.008s] INFO:colcon.colcon_core.shell:Creating environment hook '/home/harun/Downloads/system_monitor_ros2/install/system_monitor_msgs/share/system_monitor_msgs/hook/cmake_prefix_path.sh'
[8.009s] Level 1:colcon.colcon_core.environment:checking '/home/harun/Downloads/system_monitor_ros2/install/system_monitor_msgs/lib'
[8.010s] Level 1:colcon.colcon_core.shell:create_environment_hook('system_monitor_msgs', 'ld_library_path_lib')
[8.012s] INFO:colcon.colcon_core.shell:Creating environment hook '/home/harun/Downloads/system_monitor_ros2/install/system_monitor_msgs/share/system_monitor_msgs/hook/ld_library_path_lib.ps1'
[8.013s] INFO:colcon.colcon_core.shell:Creating environment descriptor '/home/harun/Downloads/system_monitor_ros2/install/system_monitor_msgs/share/system_monitor_msgs/hook/ld_library_path_lib.dsv'
[8.013s] INFO:colcon.colcon_core.shell:Creating environment hook '/home/harun/Downloads/system_monitor_ros2/install/system_monitor_msgs/share/system_monitor_msgs/hook/ld_library_path_lib.sh'
[8.014s] Level 1:colcon.colcon_core.environment:checking '/home/harun/Downloads/system_monitor_ros2/install/system_monitor_msgs/bin'
[8.014s] Level 1:colcon.colcon_core.environment:checking '/home/harun/Downloads/system_monitor_ros2/install/system_monitor_msgs/lib/pkgconfig/system_monitor_msgs.pc'
[8.014s] Level 1:colcon.colcon_core.environment:checking '/home/harun/Downloads/system_monitor_ros2/install/system_monitor_msgs/lib/python3.10/site-packages'
[8.015s] Level 1:colcon.colcon_core.environment:checking '/home/harun/Downloads/system_monitor_ros2/install/system_monitor_msgs/bin'
[8.018s] INFO:colcon.colcon_core.shell:Creating package script '/home/harun/Downloads/system_monitor_ros2/install/system_monitor_msgs/share/system_monitor_msgs/package.ps1'
[8.019s] INFO:colcon.colcon_core.shell:Creating package descriptor '/home/harun/Downloads/system_monitor_ros2/install/system_monitor_msgs/share/system_monitor_msgs/package.dsv'
[8.020s] INFO:colcon.colcon_core.shell:Creating package script '/home/harun/Downloads/system_monitor_ros2/install/system_monitor_msgs/share/system_monitor_msgs/package.sh'
[8.022s] INFO:colcon.colcon_core.shell:Creating package script '/home/harun/Downloads/system_monitor_ros2/install/system_monitor_msgs/share/system_monitor_msgs/package.bash'
[8.023s] INFO:colcon.colcon_core.shell:Creating package script '/home/harun/Downloads/system_monitor_ros2/install/system_monitor_msgs/share/system_monitor_msgs/package.zsh'
[8.025s] Level 1:colcon.colcon_core.environment:create_file_with_runtime_dependencies(/home/harun/Downloads/system_monitor_ros2/install/system_monitor_msgs/share/colcon-core/packages/system_monitor_msgs)
[8.125s] Level 1:colcon.colcon_core.environment:create_environment_scripts_only(system_monitor_msgs)
[8.128s] Level 1:colcon.colcon_core.environment:checking '/home/harun/Downloads/system_monitor_ros2/install/system_monitor_msgs' for CMake module files
[8.129s] Level 1:colcon.colcon_core.environment:checking '/home/harun/Downloads/system_monitor_ros2/install/system_monitor_msgs' for CMake config files
[8.130s] Level 1:colcon.colcon_core.shell:create_environment_hook('system_monitor_msgs', 'cmake_prefix_path')
[8.132s] INFO:colcon.colcon_core.shell:Creating environment hook '/home/harun/Downloads/system_monitor_ros2/install/system_monitor_msgs/share/system_monitor_msgs/hook/cmake_prefix_path.ps1'
[8.133s] INFO:colcon.colcon_core.shell:Creating environment descriptor '/home/harun/Downloads/system_monitor_ros2/install/system_monitor_msgs/share/system_monitor_msgs/hook/cmake_prefix_path.dsv'
[8.133s] INFO:colcon.colcon_core.shell:Creating environment hook '/home/harun/Downloads/system_monitor_ros2/install/system_monitor_msgs/share/system_monitor_msgs/hook/cmake_prefix_path.sh'
[8.134s] Level 1:colcon.colcon_core.environment:checking '/home/harun/Downloads/system_monitor_ros2/install/system_monitor_msgs/lib'
[8.134s] Level 1:colcon.colcon_core.shell:create_environment_hook('system_monitor_msgs', 'ld_library_path_lib')
[8.136s] INFO:colcon.colcon_core.shell:Creating environment hook '/home/harun/Downloads/system_monitor_ros2/install/system_monitor_msgs/share/system_monitor_msgs/hook/ld_library_path_lib.ps1'
[8.136s] INFO:colcon.colcon_core.shell:Creating environment descriptor '/home/harun/Downloads/system_monitor_ros2/install/system_monitor_msgs/share/system_monitor_msgs/hook/ld_library_path_lib.dsv'
[8.137s] INFO:colcon.colcon_core.shell:Creating environment hook '/home/harun/Downloads/system_monitor_ros2/install/system_monitor_msgs/share/system_monitor_msgs/hook/ld_library_path_lib.sh'
[8.137s] Level 1:colcon.colcon_core.environment:checking '/home/harun/Downloads/system_monitor_ros2/install/system_monitor_msgs/bin'
[8.137s] Level 1:colcon.colcon_core.environment:checking '/home/harun/Downloads/system_monitor_ros2/install/system_monitor_msgs/lib/pkgconfig/system_monitor_msgs.pc'
[8.138s] Level 1:colcon.colcon_core.environment:checking '/home/harun/Downloads/system_monitor_ros2/install/system_monitor_msgs/lib/python3.10/site-packages'
[8.138s] Level 1:colcon.colcon_core.environment:checking '/home/harun/Downloads/system_monitor_ros2/install/system_monitor_msgs/bin'
[8.140s] INFO:colcon.colcon_core.shell:Creating package script '/home/harun/Downloads/system_monitor_ros2/install/system_monitor_msgs/share/system_monitor_msgs/package.ps1'
[8.142s] INFO:colcon.colcon_core.shell:Creating package descriptor '/home/harun/Downloads/system_monitor_ros2/install/system_monitor_msgs/share/system_monitor_msgs/package.dsv'
[8.142s] INFO:colcon.colcon_core.shell:Creating package script '/home/harun/Downloads/system_monitor_ros2/install/system_monitor_msgs/share/system_monitor_msgs/package.sh'
[8.143s] INFO:colcon.colcon_core.shell:Creating package script '/home/harun/Downloads/system_monitor_ros2/install/system_monitor_msgs/share/system_monitor_msgs/package.bash'
[8.143s] INFO:colcon.colcon_core.shell:Creating package script '/home/harun/Downloads/system_monitor_ros2/install/system_monitor_msgs/share/system_monitor_msgs/package.zsh'
[8.144s] Level 1:colcon.colcon_core.environment:create_file_with_runtime_dependencies(/home/harun/Downloads/system_monitor_ros2/install/system_monitor_msgs/share/colcon-core/packages/system_monitor_msgs)
[12.144s] DEBUG:colcon.colcon_core.event_handler.log_command:Invoked command in '/home/harun/Downloads/system_monitor_ros2/build/systemmonitor' returned '0': CMAKE_PREFIX_PATH=/opt/ros/humble /usr/bin/cmake --build /home/harun/Downloads/system_monitor_ros2/build/systemmonitor -- -j8 -l8
[12.170s] DEBUG:colcon.colcon_core.event_handler.log_command:Invoking command in '/home/harun/Downloads/system_monitor_ros2/build/systemmonitor': CMAKE_PREFIX_PATH=/opt/ros/humble /usr/bin/cmake --install /home/harun/Downloads/system_monitor_ros2/build/systemmonitor
[12.190s] Level 1:colcon.colcon_core.environment:create_environment_scripts_only(systemmonitor)
[12.193s] Level 1:colcon.colcon_core.environment:checking '/home/harun/Downloads/system_monitor_ros2/install/systemmonitor' for CMake module files
[12.195s] DEBUG:colcon.colcon_core.event_handler.log_command:Invoked command in '/home/harun/Downloads/system_monitor_ros2/build/systemmonitor' returned '0': CMAKE_PREFIX_PATH=/opt/ros/humble /usr/bin/cmake --install /home/harun/Downloads/system_monitor_ros2/build/systemmonitor
[12.195s] Level 1:colcon.colcon_core.environment:checking '/home/harun/Downloads/system_monitor_ros2/install/systemmonitor' for CMake config files
[12.195s] Level 1:colcon.colcon_core.shell:create_environment_hook('systemmonitor', 'cmake_prefix_path')
[12.198s] INFO:colcon.colcon_core.shell:Creating environment hook '/home/harun/Downloads/system_monitor_ros2/install/systemmonitor/share/systemmonitor/hook/cmake_prefix_path.ps1'
[12.198s] INFO:colcon.colcon_core.shell:Creating environment descriptor '/home/harun/Downloads/system_monitor_ros2/install/systemmonitor/share/systemmonitor/hook/cmake_prefix_path.dsv'
[12.199s] INFO:colcon.colcon_core.shell:Creating environment hook '/home/harun/Downloads/system_monitor_ros2/install/systemmonitor/share/systemmonitor/hook/cmake_prefix_path.sh'
[12.200s] Level 1:colcon.colcon_core.environment:checking '/home/harun/Downloads/system_monitor_ros2/install/systemmonitor/lib'
[12.200s] Level 1:colcon.colcon_core.environment:checking '/home/harun/Downloads/system_monitor_ros2/install/systemmonitor/bin'
[12.200s] Level 1:colcon.colcon_core.environment:checking '/home/harun/Downloads/system_monitor_ros2/install/systemmonitor/lib/pkgconfig/systemmonitor.pc'
[12.200s] Level 1:colcon.colcon_core.environment:checking '/home/harun/Downloads/system_monitor_ros2/install/systemmonitor/lib/python3.10/site-packages'
[12.200s] Level 1:colcon.colcon_core.environment:checking '/home/harun/Downloads/system_monitor_ros2/install/systemmonitor/bin'
[12.203s] INFO:colcon.colcon_core.shell:Creating package script '/home/harun/Downloads/system_monitor_ros2/install/systemmonitor/share/systemmonitor/package.ps1'
[12.204s] INFO:colcon.colcon_core.shell:Creating package descriptor '/home/harun/Downloads/system_monitor_ros2/install/systemmonitor/share/systemmonitor/package.dsv'
[12.205s] INFO:colcon.colcon_core.shell:Creating package script '/home/harun/Downloads/system_monitor_ros2/install/systemmonitor/share/systemmonitor/package.sh'
[12.205s] INFO:colcon.colcon_core.shell:Creating package script '/home/harun/Downloads/system_monitor_ros2/install/systemmonitor/share/systemmonitor/package.bash'
[12.206s] INFO:colcon.colcon_core.shell:Creating package script '/home/harun/Downloads/system_monitor_ros2/install/systemmonitor/share/systemmonitor/package.zsh'
[12.207s] Level 1:colcon.colcon_core.environment:create_file_with_runtime_dependencies(/home/harun/Downloads/system_monitor_ros2/install/systemmonitor/share/colcon-core/packages/systemmonitor)
[12.245s] Level 1:colcon.colcon_core.environment:create_environment_scripts_only(systemmonitor)
[12.249s] Level 1:colcon.colcon_core.environment:checking '/home/harun/Downloads/system_monitor_ros2/install/systemmonitor' for CMake module files
[12.250s] Level 1:colcon.colcon_core.environment:checking '/home/harun/Downloads/system_monitor_ros2/install/systemmonitor' for CMake config files
[12.251s] Level 1:colcon.colcon_core.shell:create_environment_hook('systemmonitor', 'cmake_prefix_path')
[12.254s] INFO:colcon.colcon_core.shell:Creating environment hook '/home/harun/Downloads/system_monitor_ros2/install/systemmonitor/share/systemmonitor/hook/cmake_prefix_path.ps1'
[12.255s] INFO:colcon.colcon_core.shell:Creating environment descriptor '/home/harun/Downloads/system_monitor_ros2/install/systemmonitor/share/systemmonitor/hook/cmake_prefix_path.dsv'
[12.255s] INFO:colcon.colcon_core.shell:Creating environment hook '/home/harun/Downloads/system_monitor_ros2/install/systemmonitor/share/systemmonitor/hook/cmake_prefix_path.sh'
[12.257s] Level 1:colcon.colcon_core.environment:checking '/home/harun/Downloads/system_monitor_ros2/install/systemmonitor/lib'
[12.257s] Level 1:colcon.colcon_core.environment:checking '/home/harun/Downloads/system_monitor_ros2/install/systemmonitor/bin'
[12.257s] Level 1:colcon.colcon_core.environment:checking '/home/harun/Downloads/system_monitor_ros2/install/systemmonitor/lib/pkgconfig/systemmonitor.pc'
[12.258s] Level 1:colcon.colcon_core.environment:checking '/home/harun/Downloads/system_monitor_ros2/install/systemmonitor/lib/python3.10/site-packages'
[12.258s] Level 1:colcon.colcon_core.environment:checking '/home/harun/Downloads/system_monitor_ros2/install/systemmonitor/bin'
[12.261s] INFO:colcon.colcon_core.shell:Creating package script '/home/harun/Downloads/system_monitor_ros2/install/systemmonitor/share/systemmonitor/package.ps1'
[12.262s] INFO:colcon.colcon_core.shell:Creating package descriptor '/home/harun/Downloads/system_monitor_ros2/install/systemmonitor/share/systemmonitor/package.dsv'
[12.263s] INFO:colcon.colcon_core.shell:Creating package script '/home/harun/Downloads/system_monitor_ros2/install/systemmonitor/share/systemmonitor/package.sh'
[12.264s] INFO:colcon.colcon_core.shell:Creating package script '/home/harun/Downloads/system_monitor_ros2/install/systemmonitor/share/systemmonitor/package.bash'
[12.264s] INFO:colcon.colcon_core.shell:Creating package script '/home/harun/Downloads/system_monitor_ros2/install/systemmonitor/share/systemmonitor/package.zsh'
[12.265s] Level 1:colcon.colcon_core.environment:create_file_with_runtime_dependencies(/home/harun/Downloads/system_monitor_ros2/install/systemmonitor/share/colcon-core/packages/systemmonitor)
[12.265s] DEBUG:colcon.colcon_parallel_executor.executor.parallel:closing loop
[12.266s] DEBUG:colcon.colcon_parallel_executor.executor.parallel:loop closed
[12.266s] DEBUG:colcon.colcon_parallel_executor.executor.parallel:run_until_complete finished with '0'
[12.266s] DEBUG:colcon.colcon_core.event_reactor:joining thread
[12.274s] INFO:colcon.colcon_core.plugin_system:Skipping extension 'colcon_notification.desktop_notification.terminal_notifier': Not used on non-Darwin systems
[12.274s] INFO:colcon.colcon_core.plugin_system:Skipping extension 'colcon_notification.desktop_notification.win32': Not used on non-Windows systems
[12.274s] INFO:colcon.colcon_notification.desktop_notification:Sending desktop notification using 'notify2'
[12.296s] DEBUG:colcon.colcon_core.event_reactor:joined thread
[12.300s] INFO:colcon.colcon_core.shell:Creating prefix script '/home/harun/Downloads/system_monitor_ros2/install/local_setup.ps1'
[12.302s] INFO:colcon.colcon_core.shell:Creating prefix util module '/home/harun/Downloads/system_monitor_ros2/install/_local_setup_util_ps1.py'
[12.305s] INFO:colcon.colcon_core.shell:Creating prefix chain script '/home/harun/Downloads/system_monitor_ros2/install/setup.ps1'
[12.307s] INFO:colcon.colcon_core.shell:Creating prefix script '/home/harun/Downloads/system_monitor_ros2/install/local_setup.sh'
[12.310s] INFO:colcon.colcon_core.shell:Creating prefix util module '/home/harun/Downloads/system_monitor_ros2/install/_local_setup_util_sh.py'
[12.311s] INFO:colcon.colcon_core.shell:Creating prefix chain script '/home/harun/Downloads/system_monitor_ros2/install/setup.sh'
[12.314s] INFO:colcon.colcon_core.shell:Creating prefix script '/home/harun/Downloads/system_monitor_ros2/install/local_setup.bash'
[12.315s] INFO:colcon.colcon_core.shell:Creating prefix chain script '/home/harun/Downloads/system_monitor_ros2/install/setup.bash'
[12.318s] INFO:colcon.colcon_core.shell:Creating prefix script '/home/harun/Downloads/system_monitor_ros2/install/local_setup.zsh'
[12.318s] INFO:colcon.colcon_core.shell:Creating prefix chain script '/home/harun/Downloads/system_monitor_ros2/install/setup.zsh'
